
Gurobi 11.0.3 (linux64) logging started Thu Dec 12 21:27:51 2024

Set parameter LogFile to value "POU14119A1_amplicon2_greedy_model_4_alpha=0.01.log"
Gurobi Optimizer version 11.0.3 build v11.0.3rc0 (linux64 - "Rocky Linux 8.10 (Green Obsidian)")

CPU model: Intel(R) Xeon(R) Platinum 8268 CPU @ 2.90GHz, instruction set [SSE2|AVX|AVX2|AVX512]
Thread count: 48 physical cores, 48 logical processors, using up to 32 threads

Academic license 2593743 - for non-commercial use only - registered to vu___@unsw.edu.au
Optimize a model with 2042 rows, 1138 columns and 5168 nonzeros
Model fingerprint: 0x313a0f90
Model has 87 quadratic objective terms
Model has 559 quadratic constraints
Variable types: 1 continuous, 1137 integer (724 binary)
Coefficient statistics:
  Matrix range     [1e-01, 4e+02]
  QMatrix range    [1e+00, 2e+02]
  QLMatrix range   [1e+00, 2e+02]
  Objective range  [2e+04, 2e+04]
  QObjective range [4e+00, 3e+05]
  Bounds range     [1e+00, 4e+02]
  RHS range        [1e+00, 4e+00]
  QRHS range       [6e-05, 6e+01]
Found heuristic solution: objective -0.0000000
Presolve removed 959 rows and 210 columns
Presolve time: 0.07s
Presolved: 3778 rows, 2196 columns, 10870 nonzeros
Presolved model has 191 bilinear constraint(s)

Solving non-convex MIQCP

Variable types: 90 continuous, 2106 integer (703 binary)

Root relaxation: objective 3.023268e+09, 1176 iterations, 0.02 seconds (0.03 work units)

    Nodes    |    Current Node    |     Objective Bounds      |     Work
 Expl Unexpl |  Obj  Depth IntInf | Incumbent    BestBd   Gap | It/Node Time

     0     0 3.0233e+09    0  696   -0.00000 3.0233e+09      -     -    0s
     0     0 3.0111e+09    0  682   -0.00000 3.0111e+09      -     -    0s
     0     0 2.9880e+09    0  677   -0.00000 2.9880e+09      -     -    0s
     0     0 2.9668e+09    0  697   -0.00000 2.9668e+09      -     -    0s
     0     0 1.4917e+08    0  670   -0.00000 1.4917e+08      -     -    0s
     0     0 1.4837e+08    0  684   -0.00000 1.4837e+08      -     -    0s
     0     0 1.0110e+08    0  686   -0.00000 1.0110e+08      -     -    1s
     0     0 1.0110e+08    0  683   -0.00000 1.0110e+08      -     -    1s
     0     0 1.0108e+08    0  681   -0.00000 1.0108e+08      -     -    1s
     0     0 9.6756e+07    0  740   -0.00000 9.6756e+07      -     -    2s
     0     0 9.6715e+07    0  734   -0.00000 9.6715e+07      -     -    2s
     0     0 5.9131e+07    0  740   -0.00000 5.9131e+07      -     -    3s
H    0     0                    587706.38228 5.9131e+07  9961%     -    3s
H    0     0                    657524.34351 5.8885e+07  8856%     -    3s
     0     0 5.8885e+07    0  748 657524.344 5.8885e+07  8856%     -    3s
     0     0 2.1442e+07    0  733 657524.344 2.1442e+07  3161%     -    3s
     0     0 2.1370e+07    0  729 657524.344 2.1370e+07  3150%     -    3s
     0     0 2.0473e+07    0  753 657524.344 2.0473e+07  3014%     -    4s
     0     0 2.0315e+07    0  692 657524.344 2.0315e+07  2990%     -    4s
     0     2 2.0315e+07    0  681 657524.344 2.0315e+07  2990%     -    8s
     3     8 1.9993e+07    2  673 657524.344 2.0201e+07  2972%   681   10s
    31    64 1.6785e+07    5  663 657524.344 1.9149e+07  2812%   462   17s
H   33    64                    2537010.7332 1.9149e+07   655%   445   17s
   115    46 3044320.11    6  539 2537010.73 1.8727e+07   638%   209   20s
   290   187 2624127.23   10  410 2537010.73 1.5861e+07   525%   166   25s
   517   398 2621082.03   18  375 2537010.73 1.5838e+07   524%   121   30s
  1133   809 2621082.03   38  348 2537010.73 1.5838e+07   524%  67.6   36s
  1739  1341 2620189.17   52  302 2537010.73 1.5838e+07   524%  49.5   41s
  2316  1687 3718390.32   10  482 2537010.73 1.5395e+07   507%  40.7   45s
  2654  2005 3199016.73   15  488 2537010.73 1.5395e+07   507%  37.8   50s
  3422  2358 infeasible   16      2537010.73 1.5085e+07   495%  34.1   55s
  3907  2684 8980133.98   15  484 2537010.73 1.5085e+07   495%  33.2   60s
  4115  2685 2543145.28   93  616 2537010.73 1.5085e+07   495%  32.8   73s
  4118  2687 3049669.09   29  631 2537010.73 1.5085e+07   495%  32.7   75s
  4125  2692 3909215.72   70  687 2537010.73 1.1706e+07   361%  32.7   80s
  4130  2695 2621082.03   39  483 2537010.73 7330227.55   189%  32.6   86s
  4136  2699 2964948.98  134  483 2537010.73 6748641.30   166%  32.6   91s
  4141  2702 2964168.46  151  482 2537010.73 6594263.62   160%  32.6   95s
  4147  2706 2840370.85   60  706 2537010.73 6594263.62   160%  32.5  100s
  4151  2709 2930726.98   18  421 2537010.73 6594263.62   160%  32.5  106s
  4153  2713 6594263.62   10  542 2537010.73 6594263.62   160%  52.4  117s
  4155  2717 6594263.62   11  562 2537010.73 6594263.62   160%  52.6  121s
  4159  2721 6594263.62   12  597 2537010.73 6594263.62   160%  53.4  125s
  4167  2731 6594263.62   13  681 2537010.73 6594263.62   160%  54.2  131s
  4181  2742 6594263.62   14  712 2537010.73 6594263.62   160%  56.6  137s
  4207  2763 6594263.62   15  709 2537010.73 6594263.62   160%  59.4  141s
  4239  2783 6594263.62   16  641 2537010.73 6594263.62   160%  62.5  147s
  4271  2796 6393484.68   16  625 2537010.73 6594263.62   160%  63.3  152s
  4303  2817 6594263.62   17  600 2537010.73 6594263.62   160%  64.4  157s
  4335  2837 6594263.62   17  586 2537010.73 6594263.62   160%  66.1  161s
  4374  2854 6594263.62   18  565 2537010.73 6594263.62   160%  67.5  166s
  4448  2891 6594263.62   19  575 2537010.73 6594263.62   160%  69.1  174s
  4489  2911 2598704.65   19  584 2537010.73 6594263.62   160%  70.1  177s
  4536  2924 6594263.62   20  575 2537010.73 6594263.62   160%  71.0  183s
  4577  2942     cutoff   20      2537010.73 6594263.62   160%  71.8  188s
  4634  2960 6594263.62   21  574 2537010.73 6594263.62   160%  72.7  191s
  4763  3018 6594263.62   22  620 2537010.73 6594263.62   160%  72.5  198s
  4825  3056 6594263.62   22  582 2537010.73 6594263.62   160%  72.6  201s
  4902  3085 6594263.62   23  634 2537010.73 6594263.62   160%  72.3  206s
  4975  3142 3230379.73   23  474 2537010.73 6594263.62   160%  72.5  211s
  5124  3224 6594263.62   24  585 2537010.73 6594263.62   160%  72.0  217s
  5235  3250 6594263.62   25  602 2537010.73 6594263.62   160%  71.1  221s
  5311  3309 6594263.62   25  522 2537010.73 6594263.62   160%  70.8  226s
  5427  3333 6594263.62   26  486 2537010.73 6594263.62   160%  70.3  230s
  5537  3377 5603321.07   26  543 2537010.73 6594263.62   160%  70.1  235s
  5653  3418 5975050.39   27  563 2537010.73 6594263.62   160%  69.6  240s
  5894  3471 5830108.59   28  479 2537010.73 6594263.62   160%  69.2  250s
  5978  3513 infeasible   29      2537010.73 6594263.62   160%  69.1  257s
  6127  3523 2908925.96   31  320 2537010.73 6594263.62   160%  69.3  264s
  6233  3588 2874601.60   33  299 2537010.73 6594263.62   160%  70.0  268s
  6369  3633 2733971.46   36  213 2537010.73 6594263.62   160%  69.4  274s
  6497  3693 2733971.46   38  163 2537010.73 6594263.62   160%  69.2  280s
  6643  3717 2733971.46   39  158 2537010.73 6594263.62   160%  69.0  286s
  6750  3798 2733971.46   40  154 2537010.73 6594263.62   160%  68.7  294s
  6930  3856 2714664.77   42  123 2537010.73 6594263.62   160%  68.5  301s
  7122  3890 6594263.62   20  394 2537010.73 6594263.62   160%  67.7  307s
  7306  4169 6594263.62   21  389 2537010.73 6594263.62   160%  67.6  313s
  7808  4062 4496867.51   26  292 2537010.73 6594263.62   160%  65.3  319s
  7988  4141 4370038.88   28  298 2537010.73 6594263.62   160%  66.1  327s
  8176  4403 3632628.39   29  259 2537010.73 6594263.62   160%  66.6  344s
  8619  4308 4005120.49   34  161 2537010.73 6594263.62   160%  65.3  351s
  8778  4683 3376644.86   36  223 2537010.73 6594263.62   160%  66.0  368s
  9374  4452 infeasible   42      2537010.73 6594263.62   160%  65.1  380s
  9513  4515 6594263.62   19  652 2537010.73 6594263.62   160%  67.0  390s
  9658  4628 6594263.62   22  655 2537010.73 6594263.62   160%  68.1  400s
  9883  4744 6594263.62   28  623 2537010.73 6594263.62   160%  68.3  412s
 10188  4711 6594263.62   30  629 2537010.73 6594263.62   160%  68.2  419s
 10405  5071 6594263.62   32  547 2537010.73 6594263.62   160%  68.5  427s
 11093  4861 infeasible   48      2537010.73 6594263.62   160%  67.5  436s
 11253  4918 6594263.62   20  672 2537010.73 6594263.62   160%  68.6  444s
 11395  5065 6594263.62   25  641 2537010.73 6594263.62   160%  69.2  451s
 11654  5797 6594263.62   31  617 2537010.73 6594263.62   160%  69.2  463s
 12743  5564 3574451.69   46  171 2537010.73 6594263.62   160%  65.7  480s
 12903  5644 infeasible   50      2537010.73 6594263.62   160%  68.3  491s
 13040  6008 3574451.69   59  111 2537010.73 6594263.62   160%  69.5  500s
 13477  6182 infeasible   78      2537010.73 6594263.62   160%  69.9  511s
 13784  6370 6594263.62   25  688 2537010.73 6594263.62   160%  71.0  521s
 14041  6875 6594263.62   30  527 2537010.73 6594263.62   160%  71.6  528s
 14772  6996 infeasible   35      2537010.73 6594263.62   160%  69.9  540s
 15085  7239 5555798.44   36  384 2537010.73 6594263.62   160%  71.3  552s
 15399  8030 3432993.56   42  288 2537010.73 6594263.62   160%  72.6  565s
 16422  8184 2661844.81   34  532 2537010.73 6594263.62   160%  73.1  577s
 16786  8436 6594263.62   27  670 2537010.73 6594263.62   160%  74.4  592s
 17116  9321 6594263.62   33  575 2537010.73 6594263.62   160%  75.6  606s
 18442  9470 infeasible   58      2537010.73 6594263.62   160%  73.7  620s
*18617  5766             188    3050904.0671 6594263.62   116%  74.0  621s
H18780  6181                    3100400.6259 6594263.62   113%  74.7  635s
H19592  6181                    3102810.5644 6594263.62   113%  75.5  636s
 19757  6297 infeasible   37      3102810.56 6594263.62   113%  75.4  649s
 20048  6567 6594263.62   29  569 3102810.56 6594263.62   113%  76.9  664s
 20433  7402 5359727.65   36  511 3102810.56 6594263.62   113%  78.1  679s
 21771  7486 infeasible  142      3102810.56 6594263.62   113%  76.9  697s
 22023  7702 infeasible   30      3102810.56 6594263.62   113%  79.3  715s
 22381  8476 6300031.10   33  622 3102810.56 6594263.62   113%  81.4  730s
 23678  8568 infeasible   43      3102810.56 6594263.62   113%  81.8  748s
 23949  8878 6594263.62   28  600 3102810.56 6594263.62   113%  83.7  766s
 24423  9949 6594263.62   34  480 3102810.56 6594263.62   113%  84.3  786s
H25404  9745                    3174539.6118 6594263.62   108%  84.2  787s
H25469  7159                    3948328.9529 6594263.62  67.0%  84.1  787s
H26245  6614                    3955269.3501 6594263.62  66.7%  83.0  808s
H26252  6368                    4065207.4436 6594263.62  62.2%  83.0  808s
H26337  6285                    4087114.1024 6594263.62  61.3%  84.0  808s
 26477  6436 infeasible   56      4087114.10 6594263.62  61.3%  85.1  837s
 26805  7357 6594263.62   40  550 4087114.10 6594263.62  61.3%  86.6  856s
H26919  7355                    4089582.8491 6594263.62  61.2%  86.5  856s
H27302  7313                    4094223.8616 6594263.62  61.1%  86.7  856s
H27517  7259                    4112396.7795 6594263.62  60.4%  86.6  857s
 28475  7298     cutoff   54      4112396.78 6594263.62  60.4%  85.9  886s
H28476  7120                    4142198.5957 6594263.62  59.2%  85.9  886s
 28753  7549 infeasible   35      4142198.60 6594263.62  59.2%  87.8  911s
H28876  7543                    4144339.7013 6594263.62  59.1%  88.2  911s
H28933  7543                    4144631.9295 6594263.62  59.1%  88.2  911s
H29235  7533                    4147065.2632 6594263.62  59.0%  88.3  912s
 29488  7867 6594263.62   25  737 4147065.26 6594263.62  59.0%  88.7  931s
H29798  7845                    4149206.3688 6594263.62  58.9%  88.4  931s
H29965  5974                    4917305.3769 6594263.62  34.1%  88.4  932s
H30078  6681                    4923397.3318 6594263.62  33.9%  89.1  954s
H30154  6365                    5040770.9052 6594263.62  30.8%  89.0  954s
H30913  6104                    5162697.8261 6594263.62  27.7%  88.8  954s
 32105  5653     cutoff   54      5162697.83 6594263.62  27.7%  88.0  976s
H32107  5648                    5169178.9524 6594263.62  27.6%  88.0  976s
H32153  5204                    5332828.3392 6594263.62  23.7%  88.3  976s
 32396  5162     cutoff   41      5332828.34 6594263.62  23.7%  90.5  997s
 32772  5785 6594263.62   44  694 5332828.34 6594263.62  23.7%  93.0 1021s
 34526  5794 6594263.62   42  629 5332828.34 6594263.62  23.7%  93.2 1053s
 35209  6131 6594263.62   34  206 5332828.34 6594263.62  23.7%  95.3 1075s
H35878  5289                    5413811.2371 6594263.62  21.8%  95.3 1075s
 36128  5379 6594263.62   34  322 5413811.24 6594263.62  21.8%  95.6 1106s
H36355  5327                    5416359.7354 6594263.62  21.7%  96.0 1106s
H36667  5062                    5620221.3917 6594263.62  17.3%  96.4 1106s
 36778  6268 6594263.62   41  124 5620221.39 6594263.62  17.3%  96.7 1132s
H39758  6086                    5716021.5213 6594263.62  15.4%  93.8 1133s
 39853  6302 6594263.62   38  548 5716021.52 6594263.62  15.4%  93.9 1171s
H40429  6208                    5718570.0196 6594263.62  15.3%  94.7 1171s
 41251  6383 infeasible   47      5718570.02 6594263.62  15.3%  96.6 1211s
 42113  7667 6236197.21   37  616 5718570.02 6594263.62  15.3%   100 1254s
 45078  7795 infeasible   29      5718570.02 6594263.62  15.3%   102 1305s
 46028  7936 6594263.62   41  601 5718570.02 6594263.62  15.3%   105 1354s
 46908  7936 infeasible   40      5718570.02 6594263.62  15.3%   108 1355s
 46994  9412 6594263.62   38  628 5718570.02 6594263.62  15.3%   109 1416s
 51263  9837 infeasible   49      5718570.02 6594263.62  15.3%   110 1474s
 52795 10373 6594263.62   32  658 5718570.02 6594263.62  15.3%   112 1539s
 54390 11792 6594263.62   41  603 5718570.02 6594263.62  15.3%   114 1627s
 58138 12262 infeasible   57      5718570.02 6594263.62  15.3%   113 1699s
 60171 12492 6594263.62   31  644 5718570.02 6594263.62  15.3%   116 1773s
 61638 14805 infeasible   42      5718570.02 6594263.62  15.3%   119 1861s
 68816 15237 infeasible   45      5718570.02 6594263.62  15.3%   117 1933s
 70623 15503 6594263.62   45  613 5718570.02 6594263.62  15.3%   120 2011s
 72206 17679 6309413.20   43  491 5718570.02 6594263.62  15.3%   123 2110s
 80101 17592 infeasible   48      5718570.02 6594263.62  15.3%   121 2189s
 81115 17592 6167082.62   45  394 5718570.02 6594263.62  15.3%   124 2190s
 81296 17427 6594263.62   43  633 5718570.02 6594263.62  15.3%   125 2269s
 82748 18121 6594263.62   39  562 5718570.02 6594263.62  15.3%   128 2362s
 87137 17944 6257679.56   37  429 5718570.02 6594263.62  15.3%   130 2458s
 88935 17923 6256762.19   44  397 5718570.02 6594263.62  15.3%   133 2561s
 90728 20439 6594263.62   35  613 5718570.02 6594263.62  15.3%   136 2690s
 100723 20269 infeasible   47      5718570.02 6594263.62  15.3%   132 2776s
 101857 20058 infeasible   50      5718570.02 6594263.62  15.3%   133 2868s
 103306 21416 6187030.99   81  293 5718570.02 6594263.62  15.3%   136 2970s
 110911 21246 infeasible   45      5718570.02 6594263.62  15.3%   133 3051s
 112728 21349 6261965.38   49  350 5718570.02 6594263.62  15.3%   134 3130s
 115326 20982 5865672.82   58  373 5718570.02 6594263.62  15.3%   136 3220s
 116970 20621 6594263.62   47  637 5718570.02 6594263.62  15.3%   138 3305s
 118668 22389 6498473.30   41  275 5718570.02 6594263.62  15.3%   140 3418s
 129261 21969 infeasible   39      5718570.02 6594263.62  15.3%   134 3477s
 130306 21545 infeasible   47      5718570.02 6594263.62  15.3%   135 3539s
H130318 21294                    5801837.5344 6594263.62  13.7%   135 3539s
 131471 20636 infeasible   44      5801837.53 6594263.62  13.7%   137 3613s
 132719 19886 infeasible   43      5801837.53 6594263.62  13.7%   140 3692s
 134160 18777 infeasible   46      5801837.53 6594263.62  13.7%   143 3775s
 136279 17990 5929226.25   40  593 5801837.53 6594263.62  13.7%   146 3862s
 138358 17356 5948265.42   47  400 5801837.53 6594263.62  13.7%   148 3961s
 140834 17630 6353778.60   41  132 5801837.53 6594263.62  13.7%   151 4072s
H141997 11894                    6353778.6043 6594263.62  3.78%   151 4073s
 143800  9727 infeasible   41      6353778.60 6594263.62  3.78%   151 4162s
 145992  7920 infeasible   53      6353778.60 6594263.62  3.78%   154 4251s
 149056  7429 infeasible   42      6353778.60 6594263.62  3.78%   155 4351s
 160215  7442 6594263.62   86   53 6353778.60 6594263.62  3.78%   148 4436s
 168944  7595 6594263.62   31  246 6353778.60 6594263.62  3.78%   142 4509s
 171457  7595 infeasible   37      6353778.60 6594263.62  3.78%   141 4510s
 176408  7429 6594263.62  100  124 6353778.60 6594263.62  3.78%   138 4568s
 177346  7429 6594263.62  110  136 6353778.60 6594263.62  3.78%   138 4570s
 181997  7249 infeasible   47      6353778.60 6594263.62  3.78%   135 4637s
 187551  7156 6594263.62   91  133 6353778.60 6594263.62  3.78%   133 4703s
 188362  7156 6594263.62   40  129 6353778.60 6594263.62  3.78%   133 4705s
 192675  7231 6594263.62   44   99 6353778.60 6594263.62  3.78%   131 4774s
 193525  7231 infeasible   58      6353778.60 6594263.62  3.78%   130 4776s
 198826  8919 6594263.62   45  135 6353778.60 6594263.62  3.78%   128 4858s
 203538  8919 6594263.62  116   79 6353778.60 6594263.62  3.78%   126 4863s
 211906  8745 6392753.88   75  106 6353778.60 6594263.62  3.78%   121 4902s
 215202  8736 infeasible  111      6353778.60 6594263.62  3.78%   120 4954s
 215538  8736 6594263.62  111   51 6353778.60 6594263.62  3.78%   120 4955s
 218834  8659 6594263.62   51  187 6353778.60 6594263.62  3.78%   119 5011s
 220216  8659 infeasible   50      6353778.60 6594263.62  3.78%   119 5016s
 222987  8844 infeasible   62      6353778.60 6594263.62  3.78%   118 5072s
 227775  9101 6591382.66   37  252 6353778.60 6594263.62  3.78%   117 5135s
 230806  9101 6589511.03   65  135 6353778.60 6594263.62  3.78%   116 5141s
 232512  8863 infeasible   49      6353778.60 6594263.62  3.78%   116 5203s
 233420  8863 infeasible   37      6353778.60 6594263.62  3.78%   116 5205s
 237333  8828 infeasible   70      6353778.60 6594263.62  3.78%   115 5273s
 238925  8828 6590173.20   49  240 6353778.60 6594263.62  3.78%   114 5277s
 242280  8833 6594263.62   46  122 6353778.60 6594263.62  3.78%   114 5344s
 242951  8833 infeasible   38      6353778.60 6594263.62  3.78%   114 5346s
 247350  8884 infeasible   40      6353778.60 6594263.62  3.78%   113 5418s
 249153  8884 infeasible   45      6353778.60 6594263.62  3.78%   112 5421s
 252276  8935 infeasible   39      6353778.60 6594263.62  3.78%   112 5492s
 257175  8935 6594263.62   47   75 6353778.60 6594263.62  3.78%   111 5496s
 257665  8894 infeasible   51      6353778.60 6594263.62  3.78%   111 5566s
 262733  9024 infeasible   31      6353778.60 6594263.62  3.78%   110 5635s
 265102  9024 6594263.62   39   89 6353778.60 6594263.62  3.78%   110 5640s
 268494  8817 infeasible   72      6353778.60 6594263.62  3.78%   109 5706s
 275024  8637 6594263.62   41  115 6353778.60 6594263.62  3.78%   108 5777s
 280133  8703 6594263.62   35  180 6353778.60 6594263.62  3.78%   108 5851s
 284030  8703 infeasible   42      6353778.60 6594263.62  3.78%   107 5855s
 285560  8538 6594263.62   53   46 6353778.60 6594263.62  3.78%   107 5926s
 290585  8451 infeasible   44      6353778.60 6594263.62  3.78%   106 5993s
 291382  8451 infeasible   47      6353778.60 6594263.62  3.78%   106 5995s
 295153  8458 infeasible   79      6353778.60 6594263.62  3.78%   106 6066s
 300249  8602 infeasible   36      6353778.60 6594263.62  3.78%   105 6146s
 304772  8650 infeasible   48      6353778.60 6594263.62  3.78%   105 6228s
 308000  8650 6594263.62   40  215 6353778.60 6594263.62  3.78%   105 6231s
 310225  8684 infeasible   42      6353778.60 6594263.62  3.78%   105 6311s
 315481  8911 6594263.62   39  135 6353778.60 6594263.62  3.78%   104 6398s
 321261  8899 6594263.62   35  224 6353778.60 6594263.62  3.78%   104 6481s
 324604  8899 6594263.62   86   88 6353778.60 6594263.62  3.78%   103 6485s
 326924  8933 6594263.62   32  172 6353778.60 6594263.62  3.78%   103 6561s
 332532  9118 infeasible   42      6353778.60 6594263.62  3.78%   102 6645s
 338135  9201 6594263.62   29  202 6353778.60 6594263.62  3.78%   102 6721s
 343732  9063 6594263.62   44   98 6353778.60 6594263.62  3.78%   101 6803s
 348924  9344 infeasible   46      6353778.60 6594263.62  3.78%   100 6883s
 355123  9187 6594263.62   26  207 6353778.60 6594263.62  3.78%   100 6959s
 355299  9187 6594263.62   33  128 6353778.60 6594263.62  3.78%   100 6960s
 360185  9257 6591346.74   38  244 6353778.60 6594263.62  3.78%  99.1 7040s
 365320  9236 6591400.17   40  291 6353778.60 6594263.62  3.78%  98.7 7117s
 369067  9236 6594263.62   31  185 6353778.60 6594263.62  3.78%  98.5 7120s
 370171  9247 6594263.62   33  257 6353778.60 6594263.62  3.78%  98.4 7200s

Cutting planes:
  Learned: 93
  Gomory: 82
  Cover: 842
  Implied bound: 195
  Projected implied bound: 13
  MIR: 1957
  Mixing: 15
  StrongCG: 106
  Flow cover: 3146
  GUB cover: 50
  Inf proof: 20
  Zero half: 344
  RLT: 441
  Relax-and-lift: 144
  BQP: 1

Explored 375577 nodes (36802136 simplex iterations) in 7204.58 seconds (283.63 work units)
Thread count was 32 (of 48 available processors)

Solution count 10: 6.35378e+06 5.80184e+06 5.71857e+06 ... 5.1627e+06

Time limit reached
Best objective 6.353778604287e+06, best bound 6.594263623294e+06, gap 3.7849%
