
Gurobi 11.0.3 (linux64) logging started Mon Dec  2 16:36:45 2024

Set parameter LogFile to value "POU14119A2_amplicon3_greedy_model_1_alpha=0.01.log"
Gurobi Optimizer version 11.0.3 build v11.0.3rc0 (linux64 - "Rocky Linux 8.10 (Green Obsidian)")

CPU model: Intel(R) Xeon(R) Platinum 8268 CPU @ 2.90GHz, instruction set [SSE2|AVX|AVX2|AVX512]
Thread count: 48 physical cores, 48 logical processors, using up to 32 threads

Academic license 2593743 - for non-commercial use only - registered to vu___@unsw.edu.au
Optimize a model with 1788 rows, 1147 columns and 4651 nonzeros
Model fingerprint: 0xa4628b13
Model has 89 quadratic objective terms
Model has 578 quadratic constraints
Variable types: 1 continuous, 1146 integer (718 binary)
Coefficient statistics:
  Matrix range     [1e-01, 6e+02]
  QMatrix range    [1e+00, 2e+02]
  QLMatrix range   [1e+00, 5e+02]
  Objective range  [7e+04, 7e+04]
  QObjective range [4e+00, 4e+05]
  Bounds range     [1e+00, 6e+02]
  RHS range        [1e+00, 5e+00]
  QRHS range       [3e-03, 6e+02]
Found heuristic solution: objective -0.0000000
Presolve removed 593 rows and 186 columns
Presolve time: 0.19s
Presolved: 3901 rows, 2225 columns, 11088 nonzeros
Presolved model has 193 bilinear constraint(s)

Solving non-convex MIQCP

Variable types: 91 continuous, 2134 integer (731 binary)

Root relaxation: objective 4.285131e+09, 1314 iterations, 0.03 seconds (0.03 work units)

    Nodes    |    Current Node    |     Objective Bounds      |     Work
 Expl Unexpl |  Obj  Depth IntInf | Incumbent    BestBd   Gap | It/Node Time

     0     0 4.2851e+09    0  729   -0.00000 4.2851e+09      -     -    0s
     0     0 5.8938e+08    0  713   -0.00000 5.8938e+08      -     -    0s
     0     0 5.8378e+08    0  771   -0.00000 5.8378e+08      -     -    0s
     0     0 4.1130e+08    0  867   -0.00000 4.1130e+08      -     -    1s
     0     0 4.1129e+08    0  867   -0.00000 4.1129e+08      -     -    1s
     0     0 4.1120e+08    0  864   -0.00000 4.1120e+08      -     -    1s
     0     0 2.8819e+08    0  880   -0.00000 2.8819e+08      -     -    1s
     0     0 2.8797e+08    0  906   -0.00000 2.8797e+08      -     -    1s
     0     0 2.8306e+08    0  772   -0.00000 2.8306e+08      -     -    2s
     0     0 2.8302e+08    0  821   -0.00000 2.8302e+08      -     -    2s
     0     0 2.7993e+08    0  765   -0.00000 2.7993e+08      -     -    2s
     0     0 2.7979e+08    0  621   -0.00000 2.7979e+08      -     -    3s
H    0     0                    1474128.9735 2.7968e+08      -     -    3s
H    0     0                    1720467.7299 2.7968e+08      -     -    3s
     0     2 2.7968e+08    0  620 1720467.73 2.7968e+08      -     -    6s
     7    16 2.7756e+08    3  649 1720467.73 2.7756e+08      -   467   11s
    31    64 2.7577e+08    5  621 1720467.73 2.7747e+08      -   313   18s
H   33    64                    4275521.1030 2.7747e+08  6390%   303   18s
H   48    64                    1.161663e+07 2.7567e+08  2273%   262   18s
H  109    86                    1.479443e+07 2.7448e+08  1755%   165   20s
   358   371 2.5445e+08   12  606 1.4794e+07 2.7347e+08  1748%  91.5   25s
   931   905 2.2540e+08   17  568 1.4794e+07 2.7347e+08  1748%  43.9   30s
  1580  1560 2.2354e+08   23  626 1.4794e+07 2.7347e+08  1748%  30.6   35s
H 2382  1819                    1.625833e+07 2.7347e+08  1582%  24.4   39s
  2480  1889 1.9545e+08   30  604 1.6258e+07 2.7347e+08  1582%  24.6   40s
  2942  2181 1.7629e+08   32  611 1.6258e+07 2.7347e+08  1582%  25.9   45s
  3429  2534 1.1977e+08   39  481 1.6258e+07 2.7347e+08  1582%  27.6   50s
  3717  2597 1.6362e+07   63  548 1.6258e+07 2.7347e+08  1582%  28.2   64s
H 3718  2468                    2.029214e+07 2.7347e+08  1248%  28.2   65s
H 3719  2344                    2.065168e+07 2.7329e+08  1223%  28.1   66s
H 3725  2231                    2.084668e+07 2.6109e+08  1152%  28.1   70s
H 3727  2121                    2.502542e+07 2.6004e+08   939%  28.1   71s
  3732  2124 1.4462e+08   21  597 2.5025e+07 2.3722e+08   848%  28.0   75s
  3740  2129 2.5025e+07   44  493 2.5025e+07 1.7390e+08   595%  28.0   80s
  3747  2134 3.0768e+07   38  683 2.5025e+07 1.7081e+08   583%  27.9   85s
H 3752  2029                    3.263658e+07 1.7079e+08   423%  27.9   88s
H 3755  1929                    3.296572e+07 1.7079e+08   418%  27.9   90s
H 3760  1836                    1.184698e+08 1.7079e+08  44.2%  27.8   93s
  3765  1839 1.1847e+08   30  493 1.1847e+08 1.7079e+08  44.2%  27.8   95s
H 3765  1746                    1.184885e+08 1.7079e+08  44.1%  27.8   95s
H 3769  1661                    1.477128e+08 1.7079e+08  15.6%  27.8   97s
  3774  1664 1.4771e+08   51  509 1.4771e+08 1.7079e+08  15.6%  27.7  100s
  3781  1670 1.4771e+08   44  548 1.4771e+08 1.7079e+08  15.6%  52.4  105s
H 3782  1587                    1.707903e+08 1.7079e+08  0.00%  52.4  112s

Explored 3782 nodes (215248 simplex iterations) in 112.22 seconds (11.65 work units)
Thread count was 32 (of 48 available processors)

Solution count 10: 1.7079e+08 1.47713e+08 1.18488e+08 ... 2.02921e+07

Optimal solution found (tolerance 1.00e-04)
Best objective 1.707902594335e+08, best bound 1.707902594335e+08, gap 0.0000%
