
Gurobi 11.0.3 (linux64) logging started Thu Dec 12 19:34:58 2024

Set parameter LogFile to value "POU14119A1_amplicon2_greedy_model_2_alpha=0.01.log"
Gurobi Optimizer version 11.0.3 build v11.0.3rc0 (linux64 - "Rocky Linux 8.10 (Green Obsidian)")

CPU model: Intel(R) Xeon(R) Platinum 8268 CPU @ 2.90GHz, instruction set [SSE2|AVX|AVX2|AVX512]
Thread count: 48 physical cores, 48 logical processors, using up to 32 threads

Academic license 2593743 - for non-commercial use only - registered to vu___@unsw.edu.au
Optimize a model with 2042 rows, 1138 columns and 5168 nonzeros
Model fingerprint: 0x50e39771
Model has 87 quadratic objective terms
Model has 559 quadratic constraints
Variable types: 1 continuous, 1137 integer (724 binary)
Coefficient statistics:
  Matrix range     [1e-01, 4e+02]
  QMatrix range    [1e+00, 2e+02]
  QLMatrix range   [1e+00, 2e+02]
  Objective range  [3e+04, 3e+04]
  QObjective range [4e+00, 3e+05]
  Bounds range     [1e+00, 4e+02]
  RHS range        [1e+00, 4e+00]
  QRHS range       [6e-05, 1e+02]
Found heuristic solution: objective -0.0000000
Presolve removed 904 rows and 198 columns
Presolve time: 0.04s
Presolved: 3833 rows, 2208 columns, 10974 nonzeros
Presolved model has 191 bilinear constraint(s)

Solving non-convex MIQCP

Variable types: 90 continuous, 2118 integer (715 binary)

Root relaxation: objective 3.052059e+09, 1266 iterations, 0.03 seconds (0.03 work units)

    Nodes    |    Current Node    |     Objective Bounds      |     Work
 Expl Unexpl |  Obj  Depth IntInf | Incumbent    BestBd   Gap | It/Node Time

     0     0 3.0521e+09    0  708   -0.00000 3.0521e+09      -     -    0s
     0     0 3.0398e+09    0  702   -0.00000 3.0398e+09      -     -    0s
     0     0 2.0595e+08    0  698   -0.00000 2.0595e+08      -     -    0s
     0     0 2.0339e+08    0  750   -0.00000 2.0339e+08      -     -    0s
     0     0 1.5519e+08    0  825   -0.00000 1.5519e+08      -     -    1s
     0     0 1.5511e+08    0  813   -0.00000 1.5511e+08      -     -    1s
H    0     0                    203523.83949 1.5492e+08      -     -    1s
     0     0 1.5492e+08    0  836 203523.839 1.5492e+08      -     -    1s
     0     0 1.4499e+08    0  760 203523.839 1.4499e+08      -     -    1s
     0     0 1.4498e+08    0  752 203523.839 1.4498e+08      -     -    1s
     0     0 8.4206e+07    0  804 203523.839 8.4206e+07      -     -    2s
     0     0 8.3679e+07    0  786 203523.839 8.3679e+07      -     -    2s
     0     0 8.1939e+07    0  729 203523.839 8.1939e+07      -     -    2s
H    0     0                    658736.28228 8.1939e+07      -     -    2s
     0     0 8.1938e+07    0  684 658736.282 8.1938e+07      -     -    2s
     0     2 8.1782e+07    0  635 658736.282 8.1782e+07      -     -    5s
    15    32 7.6657e+07    4  651 658736.282 7.6868e+07      -   365   11s
    31    64 7.6538e+07    5  675 658736.282 7.6646e+07      -   388   16s
H   32    64                    668873.04157 7.6646e+07      -   376   16s
H   35    64                    669340.27993 7.6646e+07      -   363   16s
   191   241 6.8654e+07   10  642 669340.280 7.6392e+07      -   178   21s
   539   648 5.8781e+07   18  549 669340.280 7.6392e+07      -   103   25s
  1067  1081 3.8517e+07   26  439 669340.280 7.6392e+07      -  68.4   30s
  1647  1630 2.2043e+07   34  285 669340.280 7.6392e+07      -  51.1   35s
  2308  2082 3959116.03   52  109 669340.280 7.6392e+07      -  44.7   40s
  3178  2762 3959116.03   78   46 669340.280 7.6392e+07      -  37.9   45s
  3839  3273 7657861.19   22  439 669340.280 7.6392e+07      -  35.3   50s
  4058  3274 9478713.46   64  607 669340.280 7.6392e+07      -  34.3   62s
  4063  3277 7059086.72   74  634 669340.280 7.1551e+07      -  34.3   65s
H 4064  3114                    1150459.2000 6.8439e+07  5849%  34.3   66s
H 4064  2958                    1227233.7361 6.8439e+07  5477%  34.3   66s
H 4070  2813                    1596356.4337 5.0765e+07  3080%  34.2   70s
  4081  2820 7450359.98   75  541 1596356.43 4.5673e+07  2761%  34.1   75s
  4091  2827 1.0073e+07   75  561 1596356.43 4.5527e+07  2752%  34.1   80s
H 4098  2690                    3.711508e+07 4.5527e+07  22.7%  34.0   84s
  4099  2690 4.5527e+07   11  558 3.7115e+07 4.5527e+07  22.7%  34.0   85s
H 4109  2561                    4.506196e+07 4.5527e+07  1.03%  33.9   89s
  4111  2562 4.5062e+07   78  532 4.5062e+07 4.5527e+07  1.03%  33.9   90s
  4121  2569 4.5062e+07   31  513 4.5062e+07 4.5527e+07  1.03%  33.8   95s
  4130  2576 4.5062e+07   36  607 4.5062e+07 4.5527e+07  1.03%  58.9  101s
  4132  2577 4.5062e+07   15  495 4.5062e+07 4.5527e+07  1.03%  58.9  108s
  4133  2578 4.5062e+07   19  437 4.5062e+07 4.5527e+07  1.03%  58.9  110s
  4143  2585 4.5062e+07   68  555 4.5062e+07 4.5527e+07  1.03%  58.7  115s
  4157  2594 4.5062e+07   87  391 4.5062e+07 4.5527e+07  1.03%  58.5  120s
  4176  2607 4.5062e+07   30  378 4.5062e+07 4.5527e+07  1.03%  58.3  126s
  4180  2610 4.5527e+07   21  370 4.5062e+07 4.5527e+07  1.03%  69.1  133s
  4183  2614 4.5062e+07   35  607 4.5062e+07 4.5527e+07  1.03%  69.9  136s
  4185  2615 4.5062e+07    9  367 4.5062e+07 4.5527e+07  1.03%  69.9  140s
  4186  2616 4.5062e+07   14  286 4.5062e+07 4.5527e+07  1.03%  69.9  145s
H 4194  2489                    4.550515e+07 4.5527e+07  0.05%  69.7  148s
H 4194  2365                    4.552747e+07 4.5527e+07  0.00%  69.7  148s

Cutting planes:
  Learned: 15
  Gomory: 77
  Cover: 49
  Implied bound: 109
  Projected implied bound: 7
  Clique: 4
  MIR: 113
  Mixing: 3
  StrongCG: 3
  Flow cover: 280
  Zero half: 34
  RLT: 89
  Relax-and-lift: 24
  BQP: 17
  PSD: 1

Explored 4194 nodes (316672 simplex iterations) in 148.46 seconds (15.16 work units)
Thread count was 32 (of 48 available processors)

Solution count 10: 4.55275e+07 4.55052e+07 4.5062e+07 ... 658736

Optimal solution found (tolerance 1.00e-04)
Best objective 4.552747274290e+07, best bound 4.552747274290e+07, gap 0.0000%
