
Gurobi 11.0.3 (linux64) logging started Mon Dec  2 16:48:05 2024

Set parameter LogFile to value "POU14119A2_amplicon3_greedy_model_4_alpha=0.01.log"
Gurobi Optimizer version 11.0.3 build v11.0.3rc0 (linux64 - "Rocky Linux 8.10 (Green Obsidian)")

CPU model: Intel(R) Xeon(R) Platinum 8268 CPU @ 2.90GHz, instruction set [SSE2|AVX|AVX2|AVX512]
Thread count: 48 physical cores, 48 logical processors, using up to 32 threads

Academic license 2593743 - for non-commercial use only - registered to vu___@unsw.edu.au
Optimize a model with 1788 rows, 1147 columns and 4651 nonzeros
Model fingerprint: 0x0134cbca
Model has 89 quadratic objective terms
Model has 578 quadratic constraints
Variable types: 1 continuous, 1146 integer (718 binary)
Coefficient statistics:
  Matrix range     [1e-01, 6e+02]
  QMatrix range    [1e+00, 2e+02]
  QLMatrix range   [1e+00, 5e+02]
  Objective range  [5e+04, 5e+04]
  QObjective range [4e+00, 4e+05]
  Bounds range     [1e+00, 6e+02]
  RHS range        [1e+00, 5e+00]
  QRHS range       [3e-03, 1e+02]
Found heuristic solution: objective -0.0000000
Presolve removed 723 rows and 220 columns
Presolve time: 0.05s
Presolved: 3773 rows, 2192 columns, 10854 nonzeros
Presolved model has 193 bilinear constraint(s)

Solving non-convex MIQCP

Variable types: 92 continuous, 2100 integer (697 binary)

Root relaxation: objective 4.132753e+09, 1228 iterations, 0.02 seconds (0.03 work units)

    Nodes    |    Current Node    |     Objective Bounds      |     Work
 Expl Unexpl |  Obj  Depth IntInf | Incumbent    BestBd   Gap | It/Node Time

     0     0 4.1328e+09    0  706   -0.00000 4.1328e+09      -     -    0s
     0     0 3.1672e+08    0  697   -0.00000 3.1672e+08      -     -    0s
     0     0 3.1671e+08    0  692   -0.00000 3.1671e+08      -     -    0s
     0     0 3.1257e+08    0  733   -0.00000 3.1257e+08      -     -    0s
     0     0 3.1257e+08    0  727   -0.00000 3.1257e+08      -     -    0s
     0     0 1.6982e+08    0  810   -0.00000 1.6982e+08      -     -    1s
H    0     0                    566102.78274 1.6919e+08      -     -    1s
     0     0 1.6919e+08    0  808 566102.783 1.6919e+08      -     -    1s
     0     0 1.6543e+08    0  738 566102.783 1.6543e+08      -     -    1s
     0     0 1.6495e+08    0  734 566102.783 1.6495e+08      -     -    1s
     0     0 4.0961e+07    0  805 566102.783 4.0961e+07  7136%     -    2s
     0     0 4.0860e+07    0  808 566102.783 4.0860e+07  7118%     -    2s
     0     0 3.8728e+07    0  844 566102.783 3.8728e+07  6741%     -    3s
     0     0 3.8726e+07    0  806 566102.783 3.8726e+07  6741%     -    3s
H    0     0                    569811.11476 3.8726e+07  6696%     -    3s
     0     0 3.8719e+07    0  805 569811.115 3.8719e+07  6695%     -    3s
     0     2 3.8660e+07    0  805 569811.115 3.8660e+07  6685%     -    6s
     3     8 3.8660e+07    2  769 569811.115 3.8660e+07  6685%   755   10s
H   31    64                    577488.73691 3.7623e+07  6415%   405   18s
H   48    64                    903311.26357 3.7618e+07  4064%   312   18s
    95   128 1.6576e+07    6  731 903311.264 3.7544e+07  4056%   276   21s
   309   371 3.4320e+07   12  677 903311.264 3.7544e+07  4056%   125   25s
   642   714 3.5329e+07   15  715 903311.264 3.7544e+07  4056%  88.9   31s
  1129  1048 3.1213e+07   21  662 903311.264 3.7544e+07  4056%  61.4   38s
H 1135  1048                    1013893.9914 3.7544e+07  3603%  61.3   38s
  1167  1159 2.8774e+07   22  630 1013893.99 3.7544e+07  3603%  60.9   40s
H 1620  1487                    1276425.3579 3.7544e+07  2841%  53.4   44s
  1754  1594 3707869.60   24  646 1276425.36 3.7544e+07  2841%  51.4   45s
  2318  1890 2712272.95   33  640 1276425.36 3.7544e+07  2841%  46.6   50s
  2962  2425 2136821.77   44  427 1276425.36 3.7544e+07  2841%  41.9   55s
  3348  2716 1771759.73   54  387 1276425.36 3.7544e+07  2841%  40.1   60s
  4006  3271 1771759.73   73  377 1276425.36 3.7544e+07  2841%  36.9   65s
  4310  3272 8424942.24   45  722 1276425.36 3.7544e+07  2841%  36.0   78s
  4313  3274 1636134.83   47  602 1276425.36 3.3393e+07  2516%  36.0   80s
  4320  3279 1297520.70    6  756 1276425.36 2.3686e+07  1756%  35.9   85s
  4327  3283 1575523.56   58  471 1276425.36 1.3885e+07   988%  35.8   90s
  4336  3289 9371587.20   15  673 1276425.36 1.3596e+07   965%  35.8   95s
H 4336  3124                    9131220.9057 1.3064e+07  43.1%  35.8   95s
H 4341  2971                    9608268.0207 1.3064e+07  36.0%  35.7   99s
H 4341  2822                    1.161138e+07 1.3064e+07  12.5%  35.7   99s
  4343  2823 1.1611e+07   19  514 1.1611e+07 1.3064e+07  12.5%  35.7  100s
  4353  2830 1.1611e+07   51  580 1.1611e+07 1.3064e+07  12.5%  35.6  105s
  4364  2838 1.1611e+07   59  722 1.1611e+07 1.3064e+07  12.5%  55.2  111s
  4366  2839 1.1611e+07   28  603 1.1611e+07 1.3064e+07  12.5%  55.2  120s
  4371  2843 1.1611e+07   24  542 1.1611e+07 1.3064e+07  12.5%  55.1  125s
  4375  2845 1.1611e+07  131  475 1.1611e+07 1.3064e+07  12.5%  55.1  130s
  4380  2849 1.1611e+07   11  607 1.1611e+07 1.3064e+07  12.5%  55.0  135s
  4384  2851 1.1611e+07  122  651 1.1611e+07 1.3064e+07  12.5%  55.0  140s
  4388  2857 1.3064e+07   25  544 1.1611e+07 1.3064e+07  12.5%  67.8  154s
  4390  2858 1.3064e+07   26  566 1.1611e+07 1.3064e+07  12.5%  68.2  160s
  4394  2856 infeasible   27      1.1611e+07 1.3064e+07  12.5%  68.6  168s
  4400  2857 1.3064e+07   28  274 1.1611e+07 1.3064e+07  12.5%  69.6  171s
  4405  2855 1.3064e+07   29  278 1.1611e+07 1.3064e+07  12.5%  69.5  177s
  4414  2860 1.3064e+07   30  216 1.1611e+07 1.3064e+07  12.5%  69.6  184s
  4421  2874 1.3064e+07   31  271 1.1611e+07 1.3064e+07  12.5%  69.6  188s
  4438  2900 1.3064e+07   32  190 1.1611e+07 1.3064e+07  12.5%  69.6  192s
  4469  2922 1.3064e+07   33  266 1.1611e+07 1.3064e+07  12.5%  69.5  195s
  4534  2952 1.3064e+07   35  183 1.1611e+07 1.3064e+07  12.5%  69.0  201s
  4565  2984 1.3064e+07   34  188 1.1611e+07 1.3064e+07  12.5%  68.9  210s
H 4634  2850                    1.247457e+07 1.3064e+07  4.73%  68.6  212s
  4670  2815 1.3064e+07   36  126 1.2475e+07 1.3064e+07  4.73%  68.5  215s
H 4745  2649                    1.306436e+07 1.3064e+07  0.00%  67.9  219s

Cutting planes:
  Learned: 8
  Gomory: 31
  Cover: 98
  Implied bound: 66
  Clique: 1
  MIR: 228
  Mixing: 1
  StrongCG: 8
  Flow cover: 419
  GUB cover: 12
  Zero half: 34
  RLT: 116
  Relax-and-lift: 31
  BQP: 5

Explored 4805 nodes (337646 simplex iterations) in 219.89 seconds (18.14 work units)
Thread count was 32 (of 48 available processors)

Solution count 10: 1.30644e+07 1.24746e+07 1.16114e+07 ... 577489

Optimal solution found (tolerance 1.00e-04)
Best objective 1.306435838121e+07, best bound 1.306435838121e+07, gap 0.0000%
