
Gurobi 11.0.3 (linux64) logging started Thu Dec 12 23:36:32 2024

Set parameter LogFile to value "POU14119A1_amplicon2_greedy_model_8_alpha=0.01.log"
Gurobi Optimizer version 11.0.3 build v11.0.3rc0 (linux64 - "Rocky Linux 8.10 (Green Obsidian)")

CPU model: Intel(R) Xeon(R) Platinum 8268 CPU @ 2.90GHz, instruction set [SSE2|AVX|AVX2|AVX512]
Thread count: 48 physical cores, 48 logical processors, using up to 32 threads

Academic license 2593743 - for non-commercial use only - registered to vu___@unsw.edu.au
Optimize a model with 2042 rows, 1138 columns and 5168 nonzeros
Model fingerprint: 0x11c446f8
Model has 87 quadratic objective terms
Model has 559 quadratic constraints
Variable types: 1 continuous, 1137 integer (724 binary)
Coefficient statistics:
  Matrix range     [1e-01, 4e+02]
  QMatrix range    [1e+00, 2e+02]
  QLMatrix range   [1e+00, 2e+02]
  Objective range  [1e+04, 1e+04]
  QObjective range [4e+00, 3e+05]
  Bounds range     [1e+00, 4e+02]
  RHS range        [1e+00, 4e+00]
  QRHS range       [6e-05, 5e+01]
Found heuristic solution: objective -0.0000000
Presolve removed 994 rows and 215 columns
Presolve time: 0.04s
Presolved: 3745 rows, 2192 columns, 10808 nonzeros
Presolved model has 191 bilinear constraint(s)

Solving non-convex MIQCP

Variable types: 91 continuous, 2101 integer (698 binary)

Root relaxation: objective 3.016922e+09, 1190 iterations, 0.02 seconds (0.03 work units)

    Nodes    |    Current Node    |     Objective Bounds      |     Work
 Expl Unexpl |  Obj  Depth IntInf | Incumbent    BestBd   Gap | It/Node Time

     0     0 3.0169e+09    0  687   -0.00000 3.0169e+09      -     -    0s
     0     0 2.9811e+09    0  695   -0.00000 2.9811e+09      -     -    0s
     0     0 2.9585e+09    0  686   -0.00000 2.9585e+09      -     -    0s
     0     0 1.8070e+09    0  775   -0.00000 1.8070e+09      -     -    0s
     0     0 1.2190e+09    0  731   -0.00000 1.2190e+09      -     -    0s
     0     0 9.5672e+07    0  711   -0.00000 9.5672e+07      -     -    0s
     0     0 9.5672e+07    0  549   -0.00000 9.5672e+07      -     -   14s
     0     0 9.0338e+07    0  690   -0.00000 9.0338e+07      -     -   14s
     0     0 9.0338e+07    0  690   -0.00000 9.0338e+07      -     -   14s
H    0     0                       0.0000001 9.0012e+07      -     -   14s
     0     0 8.9918e+07    0  678    0.00000 8.9918e+07      -     -   14s
     0     0 8.6729e+07    0  677    0.00000 8.6729e+07      -     -   15s
H    0     0                    580735.80426 8.6726e+07      -     -   15s
     0     0 8.6726e+07    0  660 580735.804 8.6726e+07      -     -   15s
     0     0 9219738.72    0  718 580735.804 9219738.72  1488%     -   15s
     0     0 9106489.18    0  721 580735.804 9106489.18  1468%     -   15s
     0     0 8322533.47    0  686 580735.804 8322533.47  1333%     -   15s
     0     0 8095268.81    0  687 580735.804 8095268.81  1294%     -   15s
     0     0 7956339.19    0  674 580735.804 7956339.19  1270%     -   16s
     0     0 7941620.56    0  672 580735.804 7941620.56  1268%     -   16s
     0     0 7869803.21    0  705 580735.804 7869803.21  1255%     -   16s
     0     0 7839150.10    0  683 580735.804 7839150.10  1250%     -   16s
H    0     0                    657524.34351 7839150.10  1092%     -   16s
     0     0 7813769.98    0  718 657524.344 7813769.98  1088%     -   16s
     0     0 6825081.10    0  647 657524.344 6825081.10   938%     -   16s
     0     2 6807975.76    0  589 657524.344 6807975.76   935%     -   20s
    31    64 6095152.96    5  564 657524.344 6210303.75   844%   348   25s
H   32    64                    785848.01238 6210303.75   690%   337   25s
H   95   128                    1026455.5286 6045738.23   489%   234   26s
   318   363 4896529.29   12  540 1026455.53 6045738.23   489%   112   30s
   995   976 2360221.82   21  443 1026455.53 6045738.23   489%  54.7   35s
  1877  1715 2861427.73    7  561 1026455.53 5920864.35   477%  35.7   40s
  2963  2542 1086333.47   25  352 1026455.53 5920864.35   477%  26.5   45s
  3351  2827 1084950.91   32  310 1026455.53 5920864.35   477%  24.7   50s
  4513  3612 1081142.16   62  237 1026455.53 5920864.35   477%  21.6   55s
  5132  3811 2704810.28   23  618 1026455.53 5920864.35   477%  20.9   69s
  5134  3812 1361205.98   69  428 1026455.53 5920864.35   477%  20.9   70s
  5151  3824 1258322.93  153  714 1026455.53 5261850.22   413%  20.8   75s
  5165  3833 1059161.50   85  398 1026455.53 2170754.29   111%  20.7   80s
  5177  3841 1719879.68    6  329 1026455.53 2115237.56   106%  20.7   85s
  5187  3848 1195352.84   81  386 1026455.53 2061512.39   101%  20.7   90s
  5197  3854 1123034.88   92  638 1026455.53 2014580.00  96.3%  20.6   95s
H 5198  3661                    1401575.3805 2008736.07  43.3%  20.6   96s
H 5198  3476                    1401589.3964 2008736.07  43.3%  20.6   96s
  5207  3482 1401589.40   82  330 1401589.40 1936935.26  38.2%  20.6  101s
  5218  3489 1401589.40  100  568 1401589.40 1848363.12  31.9%  20.5  105s
  5227  3495 1401589.40   48  637 1401589.40 1842983.28  31.5%  20.5  110s
  5234  3500 1401589.40   69  683 1401589.40 1827970.64  30.4%  20.5  115s
  5241  3505 1401589.40   61  368 1401589.40 1816490.23  29.6%  20.4  120s
  5248  3509 1401589.40   24  574 1401589.40 1809121.74  29.1%  20.4  125s
H 5259  3339                    1430961.2935 1793983.57  25.4%  20.4  130s
  5271  3347 1430961.29  142  443 1430961.29 1789204.86  25.0%  20.3  136s
  5282  3354 1430961.29   37  520 1430961.29 1777001.21  24.2%  20.3  140s
  5294  3362 1430961.29   17  688 1430961.29 1756718.07  22.8%  20.2  145s
  5301  3367 1756699.07    9  324 1430961.29 1756699.07  22.8%  20.2  150s
  5308  3374 1756699.07   14  417 1430961.29 1756699.07  22.8%  50.5  161s
  5310  3377 1756699.07   15  415 1430961.29 1756699.07  22.8%  50.6  166s
  5321  3390 1756699.07   17  433 1430961.29 1756699.07  22.8%  51.3  174s
  5333  3393 1756699.07   18  484 1430961.29 1756699.07  22.8%  51.5  179s
  5357  3388 1756699.07   19  465 1430961.29 1756699.07  22.8%  52.9  182s
  5388  3400 1756699.07   20  456 1430961.29 1756699.07  22.8%  53.5  187s
  5420  3416 1756699.07   21  524 1430961.29 1756699.07  22.8%  54.8  192s
  5452  3429 1756699.07   22  631 1430961.29 1756699.07  22.8%  56.6  196s
  5484  3433 1756699.07   22  627 1430961.29 1756699.07  22.8%  59.0  200s
  5523  3440 1756699.07   23  617 1430961.29 1756699.07  22.8%  60.0  205s
  5598  3447 1756699.07   24  565 1430961.29 1756699.07  22.8%  63.4  211s
  5684  3447 infeasible   25      1430961.29 1756699.07  22.8%  65.3  217s
  5737  3442 1756699.07   26  568 1430961.29 1756699.07  22.8%  66.4  223s
  5784  3456 1756699.07   27  564 1430961.29 1756699.07  22.8%  66.9  225s
  5831  3460 1756699.07   27  613 1430961.29 1756699.07  22.8%  68.3  231s
  5874  3464 1756699.07   28  553 1430961.29 1756699.07  22.8%  69.2  238s
  5937  3479 infeasible   28      1430961.29 1756699.07  22.8%  70.3  242s
  5986  3504 1756699.07   30  545 1430961.29 1756699.07  22.8%  70.9  247s
  6048  3517 1756699.07   31  501 1430961.29 1756699.07  22.8%  72.1  252s
  6095  3542 1756699.07   31  567 1430961.29 1756699.07  22.8%  73.5  255s
  6155  3571 1756699.07   32  624 1430961.29 1756699.07  22.8%  74.5  263s
  6274  3602 1707048.37   32  613 1430961.29 1756699.07  22.8%  76.0  270s
  6388  3629 1756699.07   33  552 1430961.29 1756699.07  22.8%  77.7  275s
  6486  3706 1756699.07   34  546 1430961.29 1756699.07  22.8%  78.4  281s
  6662  3750 1756699.07   35  508 1430961.29 1756699.07  22.8%  78.6  288s
  6815  3794 1756699.07   37  549 1430961.29 1756699.07  22.8%  79.4  297s
  6965  3864 1756699.07   38  448 1430961.29 1756699.07  22.8%  80.5  304s
  7136  4079 infeasible   39      1430961.29 1756699.07  22.8%  81.0  310s
  7513  4024 1756699.07   41  544 1430961.29 1756699.07  22.8%  79.8  318s
  7679  4095 1756699.07   42  520 1430961.29 1756699.07  22.8%  81.5  325s
  7895  4132 1691821.07   43  511 1430961.29 1756699.07  22.8%  82.4  332s
  8073  4177 infeasible   45      1430961.29 1756699.07  22.8%  82.8  340s
  8270  4254 1606961.61   48  343 1430961.29 1756699.07  22.8%  83.2  351s
  8510  4312 1606961.61   53  243 1430961.29 1756699.07  22.8%  83.2  360s
  8790  4368 1606961.61   57  215 1430961.29 1756699.07  22.8%  82.7  371s
H 8891  4154                    1431055.5265 1756699.07  22.8%  82.2  371s
  9079  4255 1606961.61   63  156 1431055.53 1756699.07  22.8%  82.0  380s
  9375  4316 1606028.10   69  143 1431055.53 1756699.07  22.8%  82.6  392s
H 9410  3572                    1751683.7139 1756699.07  0.29%  82.7  392s
  9664  3285 1756699.07   22  597 1751683.71 1756699.07  0.29%  83.6  403s
  9844  3375 1756699.07   25  655 1751683.71 1756699.07  0.29%  88.6  414s
 10213  3089 infeasible   33      1751683.71 1756699.07  0.29%  92.3  428s
 10374  3043 1756699.07   29  619 1751683.71 1756699.07  0.29%   100  443s
 10524  2972 infeasible   29      1751683.71 1756699.07  0.29%   106  458s
 10677  2940 1756699.07   28  730 1751683.71 1756699.07  0.29%   112  472s
 10862  3000 1756699.07   30  669 1751683.71 1756699.07  0.29%   118  488s
 11288  2776 1756699.07   34  622 1751683.71 1756699.07  0.29%   121  509s
 11354  2754 infeasible   37      1751683.71 1756699.07  0.29%   123  510s
 11429  2770 infeasible   35      1751683.71 1756699.07  0.29%   127  527s
 11585  2782 infeasible   32      1751683.71 1756699.07  0.29%   131  543s
 11900  2577 1756699.07   35  596 1751683.71 1756699.07  0.29%   133  560s
 12149  2656 1756699.07   36  561 1751683.71 1756699.07  0.29%   138  575s
 12747  2276 infeasible   41      1751683.71 1756699.07  0.29%   140  601s
 12967  2192 1756699.07   34  682 1751683.71 1756699.07  0.29%   145  627s
 13202  2142 1756699.07   34  631 1751683.71 1756699.07  0.29%   149  644s
 13475  2228 1756699.07   40  601 1751683.71 1756699.07  0.29%   152  663s
 14136  1802 infeasible   47      1751683.71 1756699.07  0.29%   153  687s
 14398  1773 infeasible   32      1751683.71 1756699.07  0.29%   158  708s
 14747  1996 1756699.07   34  717 1751683.71 1756699.07  0.29%   161  732s
 15749  1773 1756699.07   32  687 1751683.71 1756699.07  0.29%   162  757s
 16138  1842 infeasible   34      1751683.71 1756699.07  0.29%   167  781s
 16613  2194 1756699.07   40  648 1751683.71 1756699.07  0.29%   170  811s
 17908  2201 1756699.07   45  630 1751683.71 1756699.07  0.29%   170  839s
 18046  2201     cutoff   33      1751683.71 1756699.07  0.29%   171  840s
 18418  2307 infeasible   32      1751683.71 1756699.07  0.29%   174  870s
 18984  3160 infeasible   47      1751683.71 1756699.07  0.29%   176  904s
 21028  3315 infeasible   41      1751683.71 1756699.07  0.29%   171  944s
 21801  4142 infeasible   49      1751683.71 1756699.07  0.29%   173  992s
 24672  4151 1756699.07   43  647 1751683.71 1756699.07  0.29%   170 1043s
 25530  4289 1756699.07   39  616 1751683.71 1756699.07  0.29%   172 1094s
 26579  5374 1756699.07   46  588 1751683.71 1756699.07  0.29%   173 1158s
 30207  5378 1756699.07   49  554 1751683.71 1756699.07  0.29%   168 1215s
 31465  5466 1756699.07   44  708 1751683.71 1756699.07  0.29%   171 1273s
 32712  5551 1756699.07   38  706 1751683.71 1756699.07  0.29%   174 1338s
 34656  5592 infeasible   41      1751683.71 1756699.07  0.29%   176 1406s
 36034  5644 1756699.07   41  667 1751683.71 1756699.07  0.29%   180 1479s
 37681  6272 1756699.07   40  681 1751683.71 1756699.07  0.29%   183 1562s
 42097  6289 1756699.07   41  687 1751683.71 1756699.07  0.29%   181 1632s
 43271  6364 infeasible   43      1751683.71 1756699.07  0.29%   183 1702s
 44787  6363 infeasible   47      1751683.71 1756699.07  0.29%   187 1783s
 46152  6245 infeasible   47      1751683.71 1756699.07  0.29%   190 1866s
 48028  6271     cutoff   32      1751683.71 1756699.07  0.29%   193 1952s
 49807  6857 1756699.07   43  575 1751683.71 1756699.07  0.29%   197 2048s
 54013  6795 1756699.07   33  548 1751683.71 1756699.07  0.29%   196 2124s
 55633  6741 1756699.07   50  669 1751683.71 1756699.07  0.29%   199 2208s
 57586  6680 1756699.07   44  691 1751683.71 1756699.07  0.29%   201 2296s
 59666  6493 1756699.07   36  679 1751683.71 1756699.07  0.29%   203 2384s
 61517  6243 1756699.07   47  666 1751683.71 1756699.07  0.29%   206 2478s
 63351  5894 1756699.07   44  725 1751683.71 1756699.07  0.29%   211 2569s
 63409  5894     cutoff   42      1751683.71 1756699.07  0.29%   211 2570s
 65320  5257 infeasible   40      1751683.71 1756699.07  0.29%   215 2671s
 67466  4154 1756699.07   42  620 1751683.71 1756699.07  0.29%   221 2779s
 69701  3352 infeasible   46      1751683.71 1756699.07  0.29%   228 2888s
 71858  2831 1756699.07   49  655 1751683.71 1756699.07  0.29%   236 3057s
 74797  2145 1756699.07   42  647 1751683.71 1756699.07  0.29%   246 3217s
 77735   747 1756699.07   37  515 1751683.71 1756699.07  0.29%   254 3362s
 81874  2801 infeasible   50      1751683.71 1756699.07  0.29%   258 3501s
 94332  3330 infeasible   72      1751683.71 1756699.07  0.29%   229 3617s
 104980  3377 infeasible   68      1751683.71 1756699.07  0.29%   210 3719s
 105464  3377 1756699.07   65   73 1751683.71 1756699.07  0.29%   209 3720s
 110576  3880 1756570.74   78  164 1751683.71 1756699.07  0.29%   201 3806s
 111838  3880 1756699.07   68   82 1751683.71 1756699.07  0.29%   199 3811s
 116100  4266 infeasible   87      1751683.71 1756699.07  0.29%   194 3894s
 120711  4266 infeasible   57      1751683.71 1756699.07  0.29%   188 3899s
 122352  4739 1756699.07   48  251 1751683.71 1756699.07  0.29%   186 3982s
 128530  4916 infeasible   52      1751683.71 1756699.07  0.29%   179 4067s
 134250  5279 1756698.63  125   34 1751683.71 1756699.07  0.29%   173 4152s
 140381  4990 infeasible   59      1751683.71 1756699.07  0.29%   168 4230s
 146151  4687 1756699.07   91  117 1751683.71 1756699.07  0.29%   163 4314s
 146522  4687 1756698.85   61  130 1751683.71 1756699.07  0.29%   163 4315s
 151426  4538 1756698.96   59  264 1751683.71 1756699.07  0.29%   159 4404s
 152058  4538 1756698.85   59   96 1751683.71 1756699.07  0.29%   158 4405s
 157209  3908 infeasible   59      1751683.71 1756699.07  0.29%   155 4488s
 158989  3908 1756698.79   58   89 1751683.71 1756699.07  0.29%   153 4494s
 162769  3460 infeasible   71      1751683.71 1756698.96  0.29%   151 4578s
 163856  3460 1756681.55   68  172 1751683.71 1756698.96  0.29%   150 4580s
 168175  3388 infeasible   78      1751683.71 1756698.85  0.29%   148 4655s
 172761  3065 1756698.19   58  146 1751683.71 1756698.85  0.29%   145 4728s
 174478  3065 infeasible   55      1751683.71 1756698.85  0.29%   144 4731s
 177638  2681 1756347.75   50  159 1751683.71 1756698.85  0.29%   143 4800s
 180229  2681 infeasible   58      1751683.71 1756698.85  0.29%   141 4805s
 181760  2028 infeasible   65      1751683.71 1756698.85  0.29%   141 4874s
 182036  2028 1756681.55   56  146 1751683.71 1756698.85  0.29%   140 4875s
 185792  1496 1756348.69   55  253 1751683.71 1756681.55  0.29%   139 4939s
 186168  1496 1756681.55   51  237 1751683.71 1756681.55  0.29%   139 4940s
 189387  1044 1756347.78   58  136 1751683.71 1756681.55  0.29%   137 5007s
 192342   672 1756348.69   55  146 1751683.71 1756681.55  0.29%   136 5069s
 195165   268 infeasible   57      1751683.71 1756681.55  0.29%   135 5118s
 197516    96 infeasible   59      1751683.71 1756348.69  0.27%   134 5162s
 199010    66 1754576.18   48  227 1751683.71 1756348.69  0.27%   133 5197s
 200348    45 1754576.18   40  256 1751683.71 1754576.18  0.17%   133 5226s
 201287     3 1754576.18   49  211 1751683.71 1754576.18  0.17%   132 5248s
 201705     0 infeasible   53      1751683.71 1754576.18  0.17%   132 5250s

Cutting planes:
  Learned: 22
  Gomory: 73
  Cover: 753
  Implied bound: 86
  Projected implied bound: 9
  MIR: 2489
  Mixing: 14
  StrongCG: 193
  Flow cover: 4661
  GUB cover: 27
  Inf proof: 2
  Zero half: 427
  RLT: 298
  Relax-and-lift: 95
  BQP: 1
  PSD: 1

Explored 201710 nodes (26690321 simplex iterations) in 5250.72 seconds (227.27 work units)
Thread count was 32 (of 48 available processors)

Solution count 10: 1.75168e+06 1.43106e+06 1.43096e+06 ... 1.44355e-07

Optimal solution found (tolerance 1.00e-04)
Best objective 1.751683713903e+06, best bound 1.751683713904e+06, gap 0.0000%
