
Gurobi 11.0.3 (linux64) logging started Thu Dec 12 23:29:47 2024

Set parameter LogFile to value "POU14119A1_amplicon2_greedy_model_6_alpha=0.01.log"
Gurobi Optimizer version 11.0.3 build v11.0.3rc0 (linux64 - "Rocky Linux 8.10 (Green Obsidian)")

CPU model: Intel(R) Xeon(R) Platinum 8268 CPU @ 2.90GHz, instruction set [SSE2|AVX|AVX2|AVX512]
Thread count: 48 physical cores, 48 logical processors, using up to 32 threads

Academic license 2593743 - for non-commercial use only - registered to vu___@unsw.edu.au
Optimize a model with 2042 rows, 1138 columns and 5168 nonzeros
Model fingerprint: 0x78d5129a
Model has 87 quadratic objective terms
Model has 559 quadratic constraints
Variable types: 1 continuous, 1137 integer (724 binary)
Coefficient statistics:
  Matrix range     [1e-01, 4e+02]
  QMatrix range    [1e+00, 2e+02]
  QLMatrix range   [1e+00, 2e+02]
  Objective range  [1e+04, 1e+04]
  QObjective range [4e+00, 3e+05]
  Bounds range     [1e+00, 4e+02]
  RHS range        [1e+00, 4e+00]
  QRHS range       [6e-05, 5e+01]
Found heuristic solution: objective -0.0000000
Presolve removed 972 rows and 212 columns
Presolve time: 0.04s
Presolved: 3765 rows, 2194 columns, 10844 nonzeros
Presolved model has 191 bilinear constraint(s)

Solving non-convex MIQCP

Variable types: 90 continuous, 2104 integer (701 binary)

Root relaxation: objective 3.018031e+09, 1203 iterations, 0.02 seconds (0.03 work units)

    Nodes    |    Current Node    |     Objective Bounds      |     Work
 Expl Unexpl |  Obj  Depth IntInf | Incumbent    BestBd   Gap | It/Node Time

     0     0 3.0180e+09    0  681   -0.00000 3.0180e+09      -     -    0s
     0     0 3.0056e+09    0  674   -0.00000 3.0056e+09      -     -    0s
     0     0 2.9826e+09    0  667   -0.00000 2.9826e+09      -     -    0s
     0     0 1.4127e+08    0  655   -0.00000 1.4127e+08      -     -    0s
     0     0 1.4125e+08    0  687   -0.00000 1.4125e+08      -     -    0s
     0     0 1.4125e+08    0  687   -0.00000 1.4125e+08      -     -    0s
     0     0 9.2543e+07    0  771   -0.00000 9.2543e+07      -     -    1s
H    0     0                    28766.466378 9.2543e+07      -     -    1s
     0     0 9.2370e+07    0  698 28766.4664 9.2370e+07      -     -    1s
     0     0 8.8959e+07    0  689 28766.4664 8.8959e+07      -     -    1s
     0     0 8.8956e+07    0  693 28766.4664 8.8956e+07      -     -    1s
     0     0 5.1463e+07    0  740 28766.4664 5.1463e+07      -     -    2s
     0     0 5.1139e+07    0  721 28766.4664 5.1139e+07      -     -    2s
     0     0 1.2459e+07    0  723 28766.4664 1.2459e+07      -     -    2s
H    0     0                    109297.50014 1.2273e+07      -     -    2s
     0     0 1.2273e+07    0  737 109297.500 1.2273e+07      -     -    2s
H    0     0                    657524.34351 1.2273e+07  1767%     -    2s
     0     0 1.1304e+07    0  722 657524.344 1.1304e+07  1619%     -    2s
     0     0 1.1284e+07    0  717 657524.344 1.1284e+07  1616%     -    2s
     0     2 1.1272e+07    0  717 657524.344 1.1272e+07  1614%     -    5s
    15    32 9705168.26    4  598 657524.344 1.0221e+07  1455%   264   10s
H   42    64                    1227233.7361 9960648.62   712%   325   13s
    96   115 9262197.81    7  575 1227233.74 9960648.62   712%   274   15s
   275   296 8326033.54   10  467 1227233.74 9604453.45   683%   173   20s
   709   651 1248736.27   18  123 1227233.74 9604453.45   683%  97.9   25s
H 1109   883                    2525833.6941 9604453.45   280%  69.6   31s
  1399   893 2622504.68   34   37 2525833.69 8215550.76   225%  69.7   35s
  1709   933 infeasible   19      2525833.69 7541350.78   199%  70.2   41s
  1986   951 infeasible   14      2525833.69 7541350.78   199%  69.2   45s
  2258   972 infeasible   19      2525833.69 7224395.90   186%  69.6   50s
  2685   995 infeasible   17      2525833.69 7190417.72   185%  68.2   55s
  3156  1119 infeasible   18      2525833.69 6316424.27   150%  66.1   60s
  3802  1378 4369715.64   13  561 2525833.69 5480427.32   117%  60.9   66s
  4494  1537 2755066.09   24  528 2525833.69 5171395.40   105%  54.2   70s
  4993  1618 2889003.60   23  312 2525833.69 5094218.53   102%  51.6   75s
  5579  1722 infeasible   24      2525833.69 4796366.69  89.9%  49.7   80s
  6141  1664 2765563.04   25  507 2525833.69 4790688.29  89.7%  48.3   85s
  6719  1682 4287369.86   19  522 2525833.69 4782582.03  89.3%  47.1   90s
  7411  1766 3915528.43   23  552 2525833.69 4663219.99  84.6%  45.9   96s
  8283  1383 2910006.82   33  641 2525833.69 4663219.99  84.6%  43.3  111s
  8289  1387 2910006.82  166  622 2525833.69 4663219.99  84.6%  43.3  115s
  8297  1392 2891931.13   88  741 2525833.69 3333317.47  32.0%  43.3  120s
H 8299  1324                    2876413.7541 3333317.47  15.9%  43.3  122s
  8304  1327 2884302.51   81  586 2876413.75 2884302.51  0.27%  43.2  125s
  8314  1334 2876413.75   99  603 2876413.75 2884302.51  0.27%  43.2  130s
  8324  1340 2884302.51  148  581 2876413.75 2884302.51  0.27%  43.1  135s
  8334  1347 2884302.51   52  637 2876413.75 2884302.51  0.27%  43.1  140s
  8342  1352 2884302.51  154  618 2876413.75 2884302.51  0.27%  43.0  145s
  8347  1359 2884302.51   11  632 2876413.75 2884302.51  0.27%  55.4  155s
  8349  1362 2884302.51   12  662 2876413.75 2884302.51  0.27%  55.6  160s
  8353  1363 2884302.51   13  571 2876413.75 2884302.51  0.27%  56.2  168s
  8361  1362 2884302.51   14  566 2876413.75 2884302.51  0.27%  57.0  175s
  8383  1367 2884302.51   16  695 2876413.75 2884302.51  0.27%  58.0  190s
  8425  1361 2884302.51   18  679 2876413.75 2884302.51  0.27%  60.4  198s
  8456  1360 2884302.51   19  663 2876413.75 2884302.51  0.27%  61.1  203s
  8488  1338 2884302.51   20  656 2876413.75 2884302.51  0.27%  62.0  207s
  8520  1333     cutoff   21      2876413.75 2884302.51  0.27%  62.6  210s
  8550  1319 2884302.51   22  605 2876413.75 2884302.51  0.27%  63.1  215s
  8616  1306 2884302.51   24  550 2876413.75 2884302.51  0.27%  64.2  221s
  8648  1306 2884302.51   25  558 2876413.75 2884302.51  0.27%  64.6  226s
  8687  1307 infeasible   26      2876413.75 2884302.51  0.27%  64.9  240s
  8735  1297 infeasible   27      2876413.75 2884302.51  0.27%  65.3  247s
  8783  1288 infeasible   27      2876413.75 2884302.51  0.27%  65.5  256s
  8897  1305 2884302.51   33   72 2876413.75 2884302.51  0.27%  65.6  260s
  8971  1306 infeasible   34      2876413.75 2884302.51  0.27%  65.3  272s
  9052  1258 2884302.51   32  110 2876413.75 2884302.51  0.27%  65.0  286s
  9157  1219     cutoff   31      2876413.75 2884302.51  0.27%  64.8  293s
  9253  1171 2884302.51   30  189 2876413.75 2884302.51  0.27%  64.6  296s
  9371  1126     cutoff   31      2876413.75 2884302.51  0.27%  64.2  300s
  9560  1026 2884302.51   32  116 2876413.75 2884302.51  0.27%  63.8  305s
  9734   949 2884302.51   32  128 2876413.75 2884302.51  0.27%  63.5  312s
  9812   918 infeasible   34      2876413.75 2884302.51  0.27%  63.5  315s
  9898   891 2884302.51   29  389 2876413.75 2884302.51  0.27%  63.4  330s
 10078   809 2884302.51   31  180 2876413.75 2884302.51  0.27%  63.2  336s
 10161   766 infeasible   34      2876413.75 2884302.51  0.27%  63.0  340s
 10276   720     cutoff   40      2876413.75 2884302.51  0.27%  62.8  356s

Cutting planes:
  Learned: 27
  Gomory: 12
  Cover: 126
  Implied bound: 89
  Projected implied bound: 11
  MIR: 617
  Mixing: 5
  StrongCG: 16
  Flow cover: 1254
  GUB cover: 22
  Zero half: 120
  RLT: 138
  Relax-and-lift: 33
  BQP: 2

Explored 10322 nodes (657029 simplex iterations) in 359.03 seconds (19.46 work units)
Thread count was 32 (of 48 available processors)

Solution count 7: 2.87641e+06 2.52583e+06 1.22723e+06 ... -0

Optimal solution found (tolerance 1.00e-04)
Best objective 2.876413754081e+06, best bound 2.876413754081e+06, gap 0.0000%
