
Gurobi 11.0.3 (linux64) logging started Thu Dec 12 19:37:27 2024

Set parameter LogFile to value "POU14119A1_amplicon2_greedy_model_3_alpha=0.01.log"
Gurobi Optimizer version 11.0.3 build v11.0.3rc0 (linux64 - "Rocky Linux 8.10 (Green Obsidian)")

CPU model: Intel(R) Xeon(R) Platinum 8268 CPU @ 2.90GHz, instruction set [SSE2|AVX|AVX2|AVX512]
Thread count: 48 physical cores, 48 logical processors, using up to 32 threads

Academic license 2593743 - for non-commercial use only - registered to vu___@unsw.edu.au
Optimize a model with 2042 rows, 1138 columns and 5168 nonzeros
Model fingerprint: 0x8632a45b
Model has 87 quadratic objective terms
Model has 559 quadratic constraints
Variable types: 1 continuous, 1137 integer (724 binary)
Coefficient statistics:
  Matrix range     [1e-01, 4e+02]
  QMatrix range    [1e+00, 2e+02]
  QLMatrix range   [1e+00, 2e+02]
  Objective range  [2e+04, 2e+04]
  QObjective range [4e+00, 3e+05]
  Bounds range     [1e+00, 4e+02]
  RHS range        [1e+00, 4e+00]
  QRHS range       [6e-05, 6e+01]
Found heuristic solution: objective -0.0000000
Presolve removed 939 rows and 206 columns
Presolve time: 0.04s
Presolved: 3798 rows, 2200 columns, 10906 nonzeros
Presolved model has 191 bilinear constraint(s)

Solving non-convex MIQCP

Variable types: 90 continuous, 2110 integer (707 binary)

Root relaxation: objective 3.030968e+09, 1135 iterations, 0.02 seconds (0.02 work units)

    Nodes    |    Current Node    |     Objective Bounds      |     Work
 Expl Unexpl |  Obj  Depth IntInf | Incumbent    BestBd   Gap | It/Node Time

     0     0 3.0310e+09    0  723   -0.00000 3.0310e+09      -     -    0s
     0     0 3.0194e+09    0  707   -0.00000 3.0194e+09      -     -    0s
     0     0 2.9962e+09    0  699   -0.00000 2.9962e+09      -     -    0s
     0     0 1.6358e+08    0  684   -0.00000 1.6358e+08      -     -    0s
     0     0 1.6304e+08    0  685   -0.00000 1.6304e+08      -     -    0s
     0     0 1.6294e+08    0  722   -0.00000 1.6294e+08      -     -    0s
     0     0 1.1414e+08    0  780   -0.00000 1.1414e+08      -     -    1s
     0     0 1.1414e+08    0  781   -0.00000 1.1414e+08      -     -    1s
H    0     0                    657524.34351 1.1414e+08      -     -    1s
     0     0 1.1406e+08    0  716 657524.344 1.1406e+08      -     -    1s
     0     0 1.0924e+08    0  748 657524.344 1.0924e+08      -     -    1s
     0     0 1.0920e+08    0  740 657524.344 1.0920e+08      -     -    1s
     0     0 7.3315e+07    0  777 657524.344 7.3315e+07      -     -    1s
H    0     0                    1227233.7361 6.5543e+07  5241%     -    2s
     0     0 6.5543e+07    0  745 1227233.74 6.5543e+07  5241%     -    2s
H    0     0                    1578633.5345 6.5543e+07  4052%     -    2s
     0     0 3.7472e+07    0  706 1578633.53 3.7472e+07  2274%     -    2s
     0     0 3.7271e+07    0  739 1578633.53 3.7271e+07  2261%     -    2s
     0     0 3.6335e+07    0  730 1578633.53 3.6335e+07  2202%     -    2s
     0     0 3.6301e+07    0  640 1578633.53 3.6301e+07  2200%     -    3s
     0     2 3.6141e+07    0  590 1578633.53 3.6141e+07  2189%     -    6s
    15    32 3.4423e+07    4  631 1578633.53 3.4731e+07  2100%   436   12s
    63    96 2.8212e+07    6  665 1578633.53 3.4110e+07  2061%   345   15s
   247   307 3.2939e+07    9  597 1578633.53 3.3482e+07  2021%   151   20s
   636   702 2.0085e+07   13  508 1578633.53 3.3482e+07  2021%   103   25s
  1523  1529 1.4711e+07   19  460 1578633.53 3.3482e+07  2021%  55.6   30s
  2308  2126 8751218.33   26  371 1578633.53 3.3482e+07  2021%  42.9   35s
  3129  2691 2.7687e+07    9  589 1578633.53 3.2331e+07  1948%  37.0   43s
H 3177  2691                    2042170.3279 3.2331e+07  1483%  36.9   43s
H 3188  2685                    2170226.4752 3.2331e+07  1390%  36.8   43s
H 3401  2824                    3679882.0542 3.2331e+07   779%  36.3   45s
  4087  3363 1.1829e+07   26  534 3679882.05 3.1704e+07   762%  34.9   50s
  4862  3956 6134063.96   20  443 3679882.05 3.1704e+07   762%  33.3   55s
  5048  3957 5346840.16   79  562 3679882.05 3.1704e+07   762%  33.1   68s
  5052  3960 9027476.49   16  600 3679882.05 3.1704e+07   762%  33.1   70s
  5059  3964 8598905.93    9  516 3679882.05 1.8516e+07   403%  33.1   75s
  5068  3970 1.7305e+07   19  616 3679882.05 1.8516e+07   403%  33.0   80s
  5078  3977 1.5719e+07   19  541 3679882.05 1.5719e+07   327%  32.9   85s
H 5078  3777                    1.504733e+07 1.5639e+07  3.93%  32.9   85s
  5089  3784 1.5047e+07   30  340 1.5047e+07 1.5567e+07  3.45%  32.9   90s
H 5097  3600                    1.516490e+07 1.5486e+07  2.12%  32.8   93s
  5104  3604 1.5165e+07  136  312 1.5165e+07 1.5442e+07  1.82%  32.8   95s
  5114  3612 1.5442e+07   10  528 1.5165e+07 1.5442e+07  1.82%  50.4  103s
  5116  3613 1.5442e+07   11  527 1.5165e+07 1.5442e+07  1.82%  50.5  109s
  5118  3613 1.5442e+07   12  507 1.5165e+07 1.5442e+07  1.82%  50.7  116s
  5122  3613 1.5442e+07   13  517 1.5165e+07 1.5442e+07  1.82%  51.2  123s
  5126  3612 1.5442e+07   14  523 1.5165e+07 1.5442e+07  1.82%  51.7  127s
  5132  3610 1.5442e+07   15  523 1.5165e+07 1.5442e+07  1.82%  52.0  130s
  5144  3614 1.5442e+07   17  622 1.5165e+07 1.5442e+07  1.82%  52.6  137s
  5154  3609 1.5442e+07   18  668 1.5165e+07 1.5442e+07  1.82%  53.2  142s
  5168  3612 1.5442e+07   19  683 1.5165e+07 1.5442e+07  1.82%  54.0  147s
  5180  3614 1.5442e+07   20  621 1.5165e+07 1.5442e+07  1.82%  55.0  156s
  5200  3631 1.5442e+07   21  621 1.5165e+07 1.5442e+07  1.82%  57.8  160s
  5226  3649 1.5442e+07   22  637 1.5165e+07 1.5442e+07  1.82%  58.4  166s
  5258  3664 1.5442e+07   23  645 1.5165e+07 1.5442e+07  1.82%  59.3  171s
  5290  3679 1.5442e+07   23  696 1.5165e+07 1.5442e+07  1.82%  59.9  175s
  5355  3697 1.5442e+07   24  660 1.5165e+07 1.5442e+07  1.82%  60.1  184s
  5388  3719 1.5442e+07   25  651 1.5165e+07 1.5442e+07  1.82%  60.5  189s
  5429  3751 1.5442e+07   25  656 1.5165e+07 1.5442e+07  1.82%  60.6  195s
  5526  3771 1.5442e+07   27  637 1.5165e+07 1.5442e+07  1.82%  61.5  201s
  5647  3743 1.5442e+07   28  684 1.5165e+07 1.5442e+07  1.82%  63.0  208s
  5688  3765 1.5442e+07   29  652 1.5165e+07 1.5442e+07  1.82%  63.9  211s
  5764  3754 1.5442e+07   30  691 1.5165e+07 1.5442e+07  1.82%  64.4  216s
  5804  3757     cutoff   31      1.5165e+07 1.5442e+07  1.82%  65.4  220s
  5951  3773 1.5442e+07   30  687 1.5165e+07 1.5442e+07  1.82%  66.1  227s
  6004  3801 1.5442e+07   31  635 1.5165e+07 1.5442e+07  1.82%  67.3  230s
H 6065  3599                    1.528074e+07 1.5442e+07  1.05%  68.0  230s
  6074  3596 1.5442e+07   31  670 1.5281e+07 1.5442e+07  1.05%  68.1  237s
  6123  3593 infeasible   32      1.5281e+07 1.5442e+07  1.05%  69.8  243s
  6168  3633 1.5442e+07   32  683 1.5281e+07 1.5442e+07  1.05%  70.9  246s
  6260  3602 infeasible   34      1.5281e+07 1.5442e+07  1.05%  72.2  254s
  6302  3588 infeasible   46      1.5281e+07 1.5442e+07  1.05%  73.9  255s
  6306  3604 1.5442e+07   34  630 1.5281e+07 1.5442e+07  1.05%  74.1  260s
  6446  3591 infeasible   35      1.5281e+07 1.5442e+07  1.05%  76.0  271s
  6509  3597 1.5442e+07   37  660 1.5281e+07 1.5442e+07  1.05%  77.2  279s
  6567  3667 1.5442e+07   37  647 1.5281e+07 1.5442e+07  1.05%  78.6  284s
  6686  3647 1.5442e+07   38  630 1.5281e+07 1.5442e+07  1.05%  78.6  291s
  6746  3654 infeasible   39      1.5281e+07 1.5442e+07  1.05%  79.6  298s
  6819  3766 1.5442e+07   40  639 1.5281e+07 1.5442e+07  1.05%  80.6  302s
  6998  3686 1.5442e+07   43  588 1.5281e+07 1.5442e+07  1.05%  80.6  309s
  7093  3693 infeasible   44      1.5281e+07 1.5442e+07  1.05%  81.9  317s
  7155  3796 infeasible   44      1.5281e+07 1.5442e+07  1.05%  82.9  322s
  7350  3729 1.5442e+07   24  682 1.5281e+07 1.5442e+07  1.05%  82.6  331s
  7439  3724 infeasible   25      1.5281e+07 1.5442e+07  1.05%  84.2  340s
  7516  3738 infeasible   25      1.5281e+07 1.5442e+07  1.05%  85.7  350s
  7610  3904 1.5442e+07   36  584 1.5281e+07 1.5442e+07  1.05%  87.1  355s
  7869  3791 1.5442e+07   42  422 1.5281e+07 1.5442e+07  1.05%  86.1  364s
  7970  3782 1.5442e+07   43  401 1.5281e+07 1.5442e+07  1.05%  87.8  372s
  8055  3979 1.5442e+07   46  450 1.5281e+07 1.5442e+07  1.05%  89.3  378s
  8372  3867     cutoff   53      1.5281e+07 1.5442e+07  1.05%  88.3  387s
  8492  3968 1.5442e+07   28  674 1.5281e+07 1.5442e+07  1.05%  89.8  398s
  8687  4258 1.5442e+07   31  560 1.5281e+07 1.5442e+07  1.05%  90.5  407s
  9291  4045 infeasible   46      1.5281e+07 1.5442e+07  1.05%  88.0  417s
  9470  4076 1.5442e+07   42  612 1.5281e+07 1.5442e+07  1.05%  89.6  429s
  9629  4280 1.5442e+07   45  561 1.5281e+07 1.5442e+07  1.05%  90.6  436s
 10103  4153 infeasible   55      1.5281e+07 1.5442e+07  1.05%  89.8  448s
 10277  4262 1.5442e+07   31  700 1.5281e+07 1.5442e+07  1.05%  91.3  458s
 10578  4220 1.5442e+07   35  654 1.5281e+07 1.5442e+07  1.05%  92.0  471s
 10714  4502 1.5442e+07   37  632 1.5281e+07 1.5442e+07  1.05%  93.3  480s
 11341  4344 infeasible   42      1.5281e+07 1.5442e+07  1.05%  91.8  493s
 11532  4378 1.5442e+07   36  590 1.5281e+07 1.5442e+07  1.05%  92.9  503s
 11716  4670 1.5442e+07   39  546 1.5281e+07 1.5442e+07  1.05%  93.6  514s
 12394  4444 1.5442e+07   29  597 1.5281e+07 1.5442e+07  1.05%  93.0  532s
 12583  4738 1.5442e+07   32  597 1.5281e+07 1.5442e+07  1.05%  94.9  542s
 13265  4475 infeasible   53      1.5281e+07 1.5442e+07  1.05%  94.6  556s
 13433  4481 1.5442e+07   33  582 1.5281e+07 1.5442e+07  1.05%  97.5  568s
 13593  4656 1.5442e+07   38  536 1.5281e+07 1.5442e+07  1.05%  98.8  582s
 14165  4478 1.5442e+07   48  581 1.5281e+07 1.5442e+07  1.05%  99.4  595s
 14345  4471 infeasible   51      1.5281e+07 1.5442e+07  1.05%   101  619s
 14529  4457     cutoff   53      1.5281e+07 1.5442e+07  1.05%   103  642s
 14735  4717 1.5442e+07   33  636 1.5281e+07 1.5442e+07  1.05%   105  654s
 15354  4511     cutoff   49      1.5281e+07 1.5442e+07  1.05%   105  670s
 15543  4649 1.5442e+07   35  630 1.5281e+07 1.5442e+07  1.05%   107  688s
 15799  5170 infeasible   41      1.5281e+07 1.5442e+07  1.05%   108  703s
 16786  5204 infeasible   40      1.5281e+07 1.5442e+07  1.05%   106  720s
 17016  5467 1.5442e+07   44  627 1.5281e+07 1.5442e+07  1.05%   108  738s
 17395  6091 infeasible   49      1.5281e+07 1.5442e+07  1.05%   108  754s
 18211  6091 1.5442e+07   49  476 1.5281e+07 1.5442e+07  1.05%   106  755s
 18715  6137 infeasible   42      1.5281e+07 1.5442e+07  1.05%   105  772s
 18990  6399 1.5442e+07   39  591 1.5281e+07 1.5442e+07  1.05%   107  789s
 19492  6473 1.5442e+07   52  330 1.5281e+07 1.5442e+07  1.05%   107  807s
 19778  6600 infeasible   55      1.5281e+07 1.5442e+07  1.05%   108  828s
 20086  7246 infeasible   46      1.5281e+07 1.5442e+07  1.05%   110  846s
 21351  7305 1.5442e+07   48  547 1.5281e+07 1.5442e+07  1.05%   109  869s
 21670  7462 1.5442e+07   51  524 1.5281e+07 1.5442e+07  1.05%   111  894s
 22043  7887 infeasible   41      1.5281e+07 1.5442e+07  1.05%   112  910s
 23029  7948 1.5442e+07   42  555 1.5281e+07 1.5442e+07  1.05%   112  934s
 23457  7985 infeasible   47      1.5281e+07 1.5442e+07  1.05%   114  962s
 23938  8092 infeasible   41      1.5281e+07 1.5442e+07  1.05%   116  989s
 24340  8832 1.5442e+07   45  580 1.5281e+07 1.5442e+07  1.05%   118 1011s
 25973  8963 1.5442e+07   34  631 1.5281e+07 1.5442e+07  1.05%   116 1044s
 26046  8963 1.5442e+07   40  587 1.5281e+07 1.5442e+07  1.05%   117 1045s
 26419  9061 infeasible   38      1.5281e+07 1.5442e+07  1.05%   118 1075s
 26861  9584 1.5442e+07   45  500 1.5281e+07 1.5442e+07  1.05%   120 1103s
 28217  9735 infeasible   43      1.5281e+07 1.5442e+07  1.05%   120 1140s
 28718  9893 1.5442e+07   41  546 1.5281e+07 1.5442e+07  1.05%   122 1177s
 29288 10717 1.5442e+07   46  324 1.5281e+07 1.5442e+07  1.05%   125 1215s
 31328 10788 1.5442e+07   41  654 1.5281e+07 1.5442e+07  1.05%   126 1259s
 31877 10882 infeasible   35      1.5281e+07 1.5442e+07  1.05%   128 1303s
 32447 11606 1.5442e+07   38  666 1.5281e+07 1.5442e+07  1.05%   131 1345s
 34802 11645 1.5442e+07   40  539 1.5281e+07 1.5442e+07  1.05%   131 1394s
 35318 11761 infeasible   44      1.5281e+07 1.5442e+07  1.05%   134 1440s
 35948 11831 1.5442e+07   39  585 1.5281e+07 1.5442e+07  1.05%   136 1488s
 36615 12616 1.5442e+07   46  609 1.5281e+07 1.5442e+07  1.05%   138 1534s
 36768 12616 1.5442e+07   41  563 1.5281e+07 1.5442e+07  1.05%   138 1535s
 39161 12705 1.5442e+07   36  570 1.5281e+07 1.5442e+07  1.05%   138 1588s
 39847 12832 1.5442e+07   44  369 1.5281e+07 1.5442e+07  1.05%   140 1646s
 40541 12978 infeasible   43      1.5281e+07 1.5442e+07  1.05%   142 1706s
 41414 13933 1.5442e+07   34  744 1.5281e+07 1.5442e+07  1.05%   145 1774s
 41621 13933 1.5442e+07   41  583 1.5281e+07 1.5442e+07  1.05%   145 1775s
 44812 14108     cutoff   43      1.5281e+07 1.5442e+07  1.05%   144 1836s
 45765 14332 1.5442e+07   34  608 1.5281e+07 1.5442e+07  1.05%   146 1900s
 46895 14473 1.5442e+07   44  622 1.5281e+07 1.5442e+07  1.05%   148 1975s
 47941 14611 infeasible   47      1.5281e+07 1.5442e+07  1.05%   151 2055s
 49132 15104 infeasible   44      1.5281e+07 1.5442e+07  1.05%   155 2139s
 50219 15104 infeasible   44      1.5281e+07 1.5442e+07  1.05%   156 2141s
 51596 15134 1.5442e+07   32  665 1.5281e+07 1.5442e+07  1.05%   157 2231s
 52864 15259 infeasible   40      1.5281e+07 1.5442e+07  1.05%   161 2333s
 54314 15426 infeasible   44      1.5281e+07 1.5442e+07  1.05%   165 2445s
 55955 16494 1.5442e+07   39  682 1.5281e+07 1.5442e+07  1.05%   168 2575s
 60607 16587 infeasible   44      1.5281e+07 1.5442e+07  1.05%   168 2699s
 62348 16629 1.5442e+07   38  667 1.5281e+07 1.5442e+07  1.05%   172 2830s
 64246 16791 1.5442e+07   39  546 1.5281e+07 1.5442e+07  1.05%   176 2969s
 64964 16791 1.5442e+07   35  654 1.5281e+07 1.5442e+07  1.05%   178 2971s
 66302 16787 infeasible   32      1.5281e+07 1.5442e+07  1.05%   180 3116s
 68396 16709 infeasible   39      1.5281e+07 1.5442e+07  1.05%   184 3290s
 70570 16713 1.5304e+07   40  605 1.5281e+07 1.5442e+07  1.05%   188 3471s
 73515 16577 1.5442e+07   35  598 1.5281e+07 1.5442e+07  1.05%   191 3654s
 75293 16577 1.5442e+07   45  570 1.5281e+07 1.5442e+07  1.05%   194 3655s
 76383 16357 1.5442e+07   42  574 1.5281e+07 1.5442e+07  1.05%   195 3848s
 79761 16002 infeasible   41      1.5281e+07 1.5442e+07  1.05%   199 4034s
 79933 16002 1.5442e+07   39  565 1.5281e+07 1.5442e+07  1.05%   199 4035s
 82418 15677 infeasible   43      1.5281e+07 1.5442e+07  1.05%   203 4227s
 85314 15209 infeasible   49      1.5281e+07 1.5442e+07  1.05%   208 4427s
 88060 14647 1.5442e+07   43  653 1.5281e+07 1.5442e+07  1.05%   213 4638s
 90826 14647 infeasible   37      1.5281e+07 1.5442e+07  1.05%   219 4640s
 90916 13984 infeasible   40      1.5281e+07 1.5442e+07  1.05%   219 4851s
 94168 13248 1.5300e+07   39  391 1.5281e+07 1.5442e+07  1.05%   224 5078s
 95384 13248 1.5442e+07   43  495 1.5281e+07 1.5442e+07  1.05%   226 5081s
 97109 12856 infeasible   40      1.5281e+07 1.5442e+07  1.05%   229 5319s
 97382 12856 infeasible   44      1.5281e+07 1.5442e+07  1.05%   230 5320s
 100229 12089 infeasible   41      1.5281e+07 1.5442e+07  1.05%   234 5564s
 100607 12089 infeasible   49      1.5281e+07 1.5442e+07  1.05%   235 5565s
 103667 10847 infeasible   48      1.5281e+07 1.5442e+07  1.05%   239 5846s
 106579 10904 infeasible   50      1.5281e+07 1.5442e+07  1.05%   248 6121s
*111248  3438              88    1.542329e+07 1.5442e+07  0.12%   246 6122s
 112801   994     cutoff   48      1.5423e+07 1.5442e+07  0.12%   245 6330s
 117053   237 infeasible   51      1.5423e+07 1.5442e+07  0.12%   245 6527s
 123166    24 1.5442e+07   38  320 1.5423e+07 1.5442e+07  0.12%   238 6602s
 125599     0     cutoff   43      1.5423e+07 1.5442e+07  0.12%   234 6622s

Cutting planes:
  Learned: 128
  Gomory: 109
  Cover: 795
  Implied bound: 217
  Projected implied bound: 7
  Clique: 6
  MIR: 2774
  Mixing: 19
  StrongCG: 174
  Flow cover: 4225
  GUB cover: 56
  Inf proof: 3
  Zero half: 537
  RLT: 455
  Relax-and-lift: 106
  BQP: 4

Explored 125847 nodes (29462638 simplex iterations) in 6622.99 seconds (256.97 work units)
Thread count was 32 (of 48 available processors)

Solution count 10: 1.54233e+07 1.52807e+07 1.51649e+07 ... 657524

Optimal solution found (tolerance 1.00e-04)
Best objective 1.542329083521e+07, best bound 1.542329083521e+07, gap 0.0000%
