
Gurobi 11.0.3 (linux64) logging started Thu Dec 12 17:01:24 2024

Set parameter LogFile to value "POU14119A1_amplicon1_model.log"
Gurobi Optimizer version 11.0.3 build v11.0.3rc0 (linux64 - "Rocky Linux 8.10 (Green Obsidian)")

CPU model: Intel(R) Xeon(R) Platinum 8268 CPU @ 2.90GHz, instruction set [SSE2|AVX|AVX2|AVX512]
Thread count: 48 physical cores, 48 logical processors, using up to 32 threads

Academic license 2593743 - for non-commercial use only - registered to vu___@unsw.edu.au
Optimize a model with 2084 rows, 1420 columns and 5490 nonzeros
Model fingerprint: 0x483b28d1
Model has 110 quadratic objective terms
Model has 492 quadratic constraints
Variable types: 10 continuous, 1410 integer (870 binary)
Coefficient statistics:
  Matrix range     [1e+00, 3e+02]
  QMatrix range    [1e+00, 2e+05]
  QLMatrix range   [1e+00, 3e+02]
  Objective range  [1e+00, 1e+00]
  QObjective range [4e-04, 3e-02]
  Bounds range     [1e+00, 2e+01]
  RHS range        [1e+00, 3e+00]
  QRHS range       [1e+00, 8e+06]
Presolve removed 660 rows and 200 columns
Presolve time: 0.12s
Presolved: 5017 rows, 2881 columns, 14731 nonzeros
Presolved model has 130 bilinear constraint(s)

Solving non-convex MIQCP

Variable types: 171 continuous, 2710 integer (930 binary)

Root relaxation: objective 6.000000e-01, 1386 iterations, 0.18 seconds (0.05 work units)

    Nodes    |    Current Node    |     Objective Bounds      |     Work
 Expl Unexpl |  Obj  Depth IntInf | Incumbent    BestBd   Gap | It/Node Time

     0     0    0.60000    0  208          -    0.60000      -     -    0s
     0     0    0.60000    0  658          -    0.60000      -     -    0s
     0     0    0.60000    0  628          -    0.60000      -     -    0s
     0     0    0.83944    0  671          -    0.83944      -     -    1s
     0     0    1.10000    0  503          -    1.10000      -     -    2s
     0     0    1.10889    0  478          -    1.10889      -     -    2s
     0     0    1.10889    0  578          -    1.10889      -     -    3s
     0     0    1.10889    0  287          -    1.10889      -     -    3s
     0     0    1.10889    0  708          -    1.10889      -     -    4s
     0     0    1.10889    0  762          -    1.10889      -     -    4s
     0     0    1.10889    0  570          -    1.10889      -     -    4s
     0     0    1.10889    0  426          -    1.10889      -     -    5s
     0     2    1.10889    0  233          -    1.10889      -     -   11s
     7    16    1.24050    3  599          -    1.10889      -   787   16s
    15    32    1.10889    4  750          -    1.10889      -   774   21s
    31    64    1.14349    5  539          -    1.14349      -   988   29s
    63    96    1.21103    6  576          -    1.21103      -  1048   36s
   127   160    1.29788    7  352          -    1.21246      -   811   43s
   159   192    1.21246    8  490          -    1.21246      -   762   50s
   191   224    1.21246    9  396          -    1.21246      -   755   62s
   223   265    1.23618   10  239          -    1.21246      -   751   66s
   268   308    1.21687   11  196          -    1.21246      -   701   71s
   312   351    1.21246   12  352          -    1.21246      -   679   75s
   357   398    1.24050   13  232          -    1.21246      -   665   80s
   546   591    2.14013   18  232          -    1.21246      -   539   86s
   649   686    2.10000   20  174          -    1.21246      -   474   90s
   881   868    2.30843   27  285          -    1.21246      -   384   98s
  1003   962 infeasible   29               -    1.21246      -   353  102s
  1158  1031    2.07959    7  297          -    1.21246      -   322  105s
  1406  1201    2.05783   10  253          -    1.21246      -   289  111s
  1547  1276    2.06202   14  348          -    1.21246      -   273  115s
  1809  1480    3.14057   17  349          -    1.21246      -   257  120s
  2090  1701    3.10000   23  268          -    1.21246      -   244  125s
  2407  1907    3.10000   36  235          -    1.21246      -   231  133s
  2578  2011 infeasible   35               -    1.24050      -   226  137s
  2755  2106    1.40194    8  578          -    1.24050      -   221  140s
  3102  2436    1.54021   10  467          -    1.24050      -   214  147s
  3337  2600    1.72344   11  658          -    1.24050      -   207  151s
  3591  2731    2.14282   11  336          -    1.24050      -   199  157s
  3868  2885    2.10000   15  167          -    1.24050      -   193  160s
  4123  2886    2.15105   22  388          -    1.24050      -   188  170s
  4126  2888    2.25968   25  712          -    1.24050      -   188  176s
  4128  2889    2.10000   13  579          -    1.32943      -   188  180s
  4130  2891    2.88342   18  800          -    1.32943      -   188  185s
  4133  2893    3.08184   19  515          -    1.32943      -   188  190s
  4135  2894    2.92184   22  793          -    1.33906      -   188  195s
  4139  2897    2.18993    9 1041          -    1.39507      -   188  203s
  4140  2897    3.10000   16  803          -    1.39507      -   188  207s
  4141  2898    3.10000   53  661          -    1.39507      -   188  211s
  4142  2899    3.22906   19  717          -    1.39507      -   188  217s
  4145  2904    1.39507   16  605          -    1.39507      -   216  230s
  4151  2914    1.43547   18  711          -    1.39507      -   217  246s
  4159  2927    1.54545   19  365          -    1.42554      -   219  250s
  4175  2954    1.45218   20  240          -    1.42554      -   220  264s
  4207  2975    1.45868   21  341          -    1.42755      -   222  267s
  4239  2996    1.50855   21  391          -    1.42755      -   225  271s
  4303  3035    2.10000   22  206          -    1.42906      -   228  288s
  4335  3069    1.46325   23  228          -    1.42906      -   229  292s
  4426  3126 infeasible   24               -    1.48991      -   229  299s
  4475  3153    2.10000   24  204          -    1.48991      -   229  301s
  4568  3219    3.10000   26  234          -    1.48991      -   230  308s
  4615  3248    2.10000   27  185          -    1.48991      -   232  312s
  4660  3287    2.10000   28  176          -    1.48991      -   234  316s
  4778  3360    3.10000   29  269          -    1.48991      -   235  323s
  4838  3397    3.10000   30  135          -    1.48991      -   236  327s
  4901  3429    3.10000   32   90          -    1.48991      -   236  330s
  5027  3512    3.10000   37   64          -    1.48991      -   237  336s
  5100  3566    3.10000   40   60          -    1.48991      -   238  340s
  5289  3677    3.10000   46   31          -    1.48991      -   236  349s
  5403  3716    3.10000   49   25          -    1.54545      -   234  353s
  5524  3746    2.10000   22  219          -    1.54545      -   232  356s
  5638  3790    2.10000   24  214          -    1.54545      -   230  360s
* 5798  3692              49       3.0829777    1.54545  49.9%   226  364s
H 5929  3438                       3.0595997    1.54545  49.5%   223  372s
H 5933  3306                       3.0550438    1.54545  49.4%   223  372s
* 5978  3166              65       3.0350619    1.54545  49.1%   222  372s
  6097  3147    2.10000   28  136    3.03506    1.54545  49.1%   220  380s
H 6230  3002                       3.0177326    1.54545  48.8%   220  388s
  6294  2993    2.10000   29  134    3.01773    1.54545  48.8%   220  400s
H 6431  2848                       3.0177326    1.54545  48.8%   221  405s
  6507  2848    2.11106   31  217    3.01773    1.54545  48.8%   223  411s
  6624  2827     cutoff   32         3.01773    1.54545  48.8%   225  422s
  6696  2841    1.54545   23  240    3.01773    1.54545  48.8%   227  427s
  6816  2831    2.00028   24  223    3.01773    1.54545  48.8%   230  432s
  6922  2825 infeasible   28         3.01773    1.54545  48.8%   230  441s
  7078  2782     cutoff   30         3.01773    1.54545  48.8%   232  454s
  7159  2775    3.00000   31  229    3.01773    1.54545  48.8%   234  462s
  7281  2766    3.00999   33  174    3.01773    1.54545  48.8%   236  471s
H 7328  2645                       3.0177326    1.54545  48.8%   237  471s
  7376  2642    3.01740   43   99    3.01773    1.54545  48.8%   239  479s
  7544  2566 infeasible   51         3.01773    1.60000  47.0%   241  487s
H 7551  2461                       3.0177326    2.00165  33.7%   242  487s
  7653  2452     cutoff   28         3.01773    2.00165  33.7%   245  501s
  7819  2380     cutoff   33         3.01773    2.01163  33.3%   248  515s
H 7847  2275                       3.0177326    2.01163  33.3%   248  515s
H 7938  2152                       3.0177326    2.01339  33.3%   249  515s
  7974  2162     cutoff   28         3.01773    2.01831  33.1%   249  530s
  8123  2109     cutoff   32         3.01773    2.02437  32.9%   254  542s
  8243  2090    2.09762   31  311    3.01773    2.02595  32.9%   257  554s
  8403  2050    3.00367   34  228    3.01773    2.02595  32.9%   261  565s
  8528  1990    3.00044   34  278    3.01773    2.02595  32.9%   263  577s
  8715  1918    3.01612   39  218    3.01773    2.02689  32.8%   266  596s
  8891  1877    3.00000   32  271    3.01773    2.06326  31.6%   269  609s
  9113  1793    3.00000   34  225    3.01773    2.06326  31.6%   271  621s
  9315  1718    3.01255   31  279    3.01773    2.06326  31.6%   273  633s
  9527  1721 infeasible   34         3.01773    2.06326  31.6%   275  645s
H 9620  1721                       3.0177326    2.06326  31.6%   276  645s
  9734  1715    3.00000   34  275    3.01773    2.06326  31.6%   276  660s
  9974  1712    3.00220   45  194    3.01773    2.07668  31.2%   278  674s
 10182  1724 infeasible   33         3.01773    2.10000  30.4%   281  690s
 10409  1712     cutoff   38         3.01773    2.10000  30.4%   283  714s
H10616  1712                       3.0177326    2.10000  30.4%   286  714s
 10657  1703 infeasible   36         3.01773    2.10000  30.4%   287  738s
 10912  1718    3.00000   34  225    3.01773    2.10000  30.4%   290  753s
 11191  1727     cutoff   37         3.01773    2.10000  30.4%   292  772s
 11498  1704     cutoff   27         3.01773    2.10133  30.4%   294  793s
 11771  1696    2.43333   31  282    3.01773    2.10133  30.4%   298  817s
 12067  1701    3.00011   33  237    3.01773    2.10537  30.2%   301  833s
 12419  1718    3.00000   36  267    3.01773    2.10782  30.2%   303  857s
 12794  1704    2.12607   30  274    3.01773    2.10782  30.2%   305  882s
 13156  1710     cutoff   35         3.01773    2.11749  29.8%   308  902s
*13248  1710              67       3.0168046    2.11749  29.8%   308  902s
 13504  1686    2.11834   28  337    3.01680    2.11749  29.8%   309  921s
 13914  1683     cutoff   31         3.01680    2.11749  29.8%   311  946s
 14374  1690     cutoff   35         3.01680    2.15579  28.5%   312  969s
 14539  1690    3.00000   36  255    3.01680    2.15579  28.5%   313  970s
 14664  1716    3.00000   30  263    3.01680    2.15579  28.5%   315  998s
 15110  1679    3.00000   39  218    3.01680    2.15579  28.5%   317 1026s
 15556  1693     cutoff   34         3.01680    2.20110  27.0%   319 1051s
 16074  1678     cutoff   37         3.01680    2.20110  27.0%   319 1077s
 16644  1659    3.00000   31  245    3.01680    2.20110  27.0%   319 1102s
 17194  1670     cutoff   33         3.01680    2.20110  27.0%   321 1130s
 17801  1582    3.00000   32  264    3.01680    3.00000  0.56%   320 1177s
 19073  1575    3.01307   38  237    3.01680    3.00000  0.56%   320 1223s
 20318  1567    3.00000   33  287    3.01680    3.00000  0.56%   318 1269s
 21516  1589    3.00101   35  239    3.01680    3.00000  0.56%   316 1312s
 22623  1510 infeasible   32         3.01680    3.00000  0.56%   316 1352s
 23552  1480     cutoff   36         3.01680    3.00000  0.56%   316 1394s
 24594  1491    3.01068   37  204    3.01680    3.00000  0.56%   316 1437s
 25663  1481    3.00841   36  206    3.01680    3.00000  0.56%   316 1477s
 26702  1449     cutoff   38         3.01680    3.00000  0.56%   316 1517s
 27429  1349     cutoff   36         3.01680    3.00000  0.56%   317 1556s
 28473  1268 infeasible   33         3.01680    3.00000  0.56%   318 1597s
 29580  1202     cutoff   36         3.01680    3.00138  0.51%   318 1641s
 30789  1146    3.00488   49  135    3.01680    3.00324  0.45%   318 1686s
 31963  1013     cutoff   52         3.01680    3.00488  0.40%   318 1730s
 33108   919    3.00488   36  200    3.01680    3.00488  0.40%   320 1783s
 34442   831     cutoff   42         3.01680    3.00488  0.40%   320 1839s
 35958   648     cutoff   41         3.01680    3.00488  0.40%   318 1895s
 37350   275 infeasible   40         3.01680    3.00505  0.39%   317 1947s
 38794    67    3.00845   35  257    3.01680    3.00845  0.28%   314 1986s
 39619     8    3.01323   30  215    3.01680    3.01323  0.12%   312 2005s

Cutting planes:
  Learned: 207
  Gomory: 23
  Cover: 934
  Implied bound: 372
  Projected implied bound: 54
  Clique: 6
  MIR: 842
  StrongCG: 34
  Flow cover: 3166
  GUB cover: 48
  Inf proof: 1
  Zero half: 343
  Network: 1
  RLT: 477
  Relax-and-lift: 145
  BQP: 15

Explored 39869 nodes (12478998 simplex iterations) in 2009.05 seconds (100.63 work units)
Thread count was 32 (of 48 available processors)

Solution count 10: 3.0168 3.01773 3.01773 ... 3.03506

Optimal solution found (tolerance 1.00e-04)
Best objective 3.016804572470e+00, best bound 3.016804567265e+00, gap 0.0000%
