
Gurobi 11.0.3 (linux64) logging started Mon Dec  2 16:27:19 2024

Set parameter LogFile to value "POU14119A2_amplicon2_model.log"
Gurobi Optimizer version 11.0.3 build v11.0.3rc0 (linux64 - "Rocky Linux 8.10 (Green Obsidian)")

CPU model: Intel(R) Xeon(R) Platinum 8268 CPU @ 2.90GHz, instruction set [SSE2|AVX|AVX2|AVX512]
Thread count: 48 physical cores, 48 logical processors, using up to 32 threads

Academic license 2593743 - for non-commercial use only - registered to vu___@unsw.edu.au
Optimize a model with 1631 rows, 1160 columns and 4340 nonzeros
Model fingerprint: 0x15a43878
Model has 90 quadratic objective terms
Model has 406 quadratic constraints
Variable types: 10 continuous, 1150 integer (700 binary)
Coefficient statistics:
  Matrix range     [1e+00, 2e+02]
  QMatrix range    [1e+00, 1e+06]
  QLMatrix range   [1e+00, 2e+02]
  Objective range  [1e+00, 1e+00]
  QObjective range [2e-04, 2e-01]
  Bounds range     [1e+00, 2e+01]
  RHS range        [1e+00, 2e+00]
  QRHS range       [1e+00, 1e+07]
Presolve removed 550 rows and 200 columns
Presolve time: 0.42s
Presolved: 3880 rows, 2271 columns, 11381 nonzeros
Presolved model has 100 bilinear constraint(s)

Solving non-convex MIQCP

Variable types: 141 continuous, 2130 integer (730 binary)

Root relaxation: objective 7.654786e-01, 877 iterations, 0.02 seconds (0.02 work units)

    Nodes    |    Current Node    |     Objective Bounds      |     Work
 Expl Unexpl |  Obj  Depth IntInf | Incumbent    BestBd   Gap | It/Node Time

     0     0    0.76548    0  202          -    0.76548      -     -    0s
     0     0    1.12001    0  433          -    1.12001      -     -    0s
     0     0    1.12056    0  430          -    1.12056      -     -    0s
     0     0    1.12685    0  329          -    1.12685      -     -    0s
     0     0    1.23623    0  356          -    1.23623      -     -    0s
     0     0    1.23623    0  331          -    1.23623      -     -    1s
     0     0    1.23623    0  277          -    1.23623      -     -    1s
     0     0    1.23623    0  421          -    1.23623      -     -    1s
     0     0    1.23623    0  264          -    1.23623      -     -    1s
     0     0    1.23623    0  332          -    1.23623      -     -    1s
     0     0    1.23623    0  530          -    1.23623      -     -    1s
     0     0    1.23623    0  625          -    1.23623      -     -    1s
     0     0    1.25223    0  323          -    1.25223      -     -    2s
     0     0    1.25223    0  320          -    1.25223      -     -    2s
     0     0    1.35582    0  249          -    1.35582      -     -    2s
     0     0    1.44008    0  384          -    1.44008      -     -    2s
     0     0    1.44008    0  366          -    1.44008      -     -    3s
     0     0    1.44008    0  364          -    1.44008      -     -    3s
     0     0    1.46504    0  457          -    1.46504      -     -    3s
     0     0    1.46504    0  432          -    1.46504      -     -    4s
     0     0    1.46504    0  458          -    1.46504      -     -    4s
     0     0    1.46504    0  375          -    1.46504      -     -    4s
     0     0    1.46504    0  373          -    1.46504      -     -    5s
     0     0    1.46504    0  392          -    1.46504      -     -    5s
     0     0    1.46504    0  487          -    1.46504      -     -    6s
     0     0    1.46504    0  391          -    1.46504      -     -    6s
     0     0    1.46832    0  192          -    1.46832      -     -   12s
     0     0    1.46832    0  185          -    1.46832      -     -   14s
     0     0    1.66170    0  425          -    1.66170      -     -   16s
     0     0    1.66170    0  340          -    1.66170      -     -   21s
     0     0    1.66170    0  345          -    1.66170      -     -   21s
     0     0    1.66170    0  448          -    1.66170      -     -   22s
     0     0    1.66170    0  441          -    1.66170      -     -   22s
     0     0    1.66170    0  440          -    1.66170      -     -   22s
     0     0    1.66170    0  461          -    1.66170      -     -   23s
     0     0    1.66170    0  459          -    1.66170      -     -   23s
     0     2    1.66170    0  459          -    1.66170      -     -   26s
     3     8    1.66170    2  281          -    1.66170      -   974   32s
    31    64    1.66474    5  377          -    1.66170      -   428   36s
    95   128    1.66170    7  234          -    1.66170      -   395   41s
   160   192    1.66170    8  237          -    1.66170      -   342   45s
   300   339    2.10000   11  177          -    1.66170      -   301   51s
   497   499    3.02483   16  199          -    1.66170      -   253   55s
   869   740    2.10000    9  173          -    1.66170      -   195   61s
  1350  1047    2.10000   12  158          -    1.66170      -   158   66s
  1771  1289    2.19819   19  235          -    1.66170      -   138   70s
  2203  1566    3.01202   20  184          -    1.66170      -   129   75s
  2600  1793    3.29002   25  229          -    1.66170      -   118   80s
  3599  2308    4.06538   38  174          -    1.66170      -   100   86s
  4100  2540    4.06538   63  139          -    1.66170      -  95.6   91s
  4609  2676    5.10000   76  353          -    1.66170      -  93.5  100s
  4612  2678    4.10000   21  325          -    1.66170      -  93.4  106s
  4620  2683    3.38837   16  469          -    2.10000      -  93.3  110s
  4628  2689    3.84092   19  111          -    2.10000      -  93.1  115s
  4631  2694    2.10000   11  358          -    2.10000      -   100  123s
  4633  2697    2.10000   12  321          -    2.10000      -   100  134s
  4637  2704    2.10000   13  347          -    2.10000      -   100  138s
  4645  2717    2.10000   14  378          -    2.10000      -   101  145s
  4661  2744    2.10000   15  503          -    2.10000      -   102  152s
  4693  2765    2.10000   16  389          -    2.10000      -   105  156s
  4725  2786    2.10000   16  304          -    2.10000      -   107  160s
  4789  2829    2.10000   17  299          -    2.10000      -   111  165s
  4821  2853    2.10000   18  298          -    2.10000      -   112  170s
  4856  2883    2.10000   18  240          -    2.10000      -   113  175s
  4934  2937    2.10000   19  380          -    2.10000      -   117  181s
  4977  2961    2.10000   20  218          -    2.10000      -   119  190s
  5069  3035    3.10000   21  206          -    2.10000      -   122  195s
  5183  3107    3.10000   23  177          -    2.10000      -   124  200s
  5311  3175    3.10000   25  171          -    2.10000      -   125  205s
  5452  3246    3.18123   27  151          -    2.10000      -   125  212s
  5632  3343    4.10000   28  220          -    2.10000      -   124  217s
  5863  3415    4.10000   31  153          -    2.10000      -   122  234s
* 5912  3264              43       4.0168495    2.10000  47.7%   122  234s
  5956  3215     cutoff   32         4.01685    2.10000  47.7%   121  240s
H 5962  3085                       4.0067671    2.10000  47.6%   121  240s
  6098  3075    2.10000   17  383    4.00677    2.10000  47.6%   121  248s
  6201  3084    2.12454   18  241    4.00677    2.10000  47.6%   122  252s
  6293  3104    3.00000   19  224    4.00677    2.10000  47.6%   123  256s
* 6325  2971              46       3.0250671    2.10000  30.6%   123  256s
  6417  2867     cutoff   20         3.02507    2.10000  30.6%   123  262s
  6551  2830    2.32504   21  240    3.02507    2.10000  30.6%   126  268s
  6630  2812    2.32484   22  217    3.02507    2.10000  30.6%   129  275s
  6795  2769 infeasible   29         3.02507    2.10000  30.6%   133  287s
  6878  2749    2.10000   21  138    3.02507    2.10000  30.6%   136  294s
  6997  2725    2.10000   22  145    3.02507    2.10000  30.6%   139  300s
  7102  2698    2.10000   23  151    3.02507    2.10000  30.6%   141  309s
  7228  2700     cutoff   24         3.02507    2.10000  30.6%   143  315s
  7357  2718    2.10000   21  157    3.02507    2.10000  30.6%   145  322s
H 7401  2587                       3.0131236    2.10000  30.3%   145  322s
  7549  2503    2.35482   26  213    3.01312    2.10000  30.3%   145  334s
  7681  2495    2.34437   29  217    3.01312    2.10000  30.3%   148  341s
  7842  2441     cutoff   25         3.01312    2.10000  30.3%   150  350s
  7995  2400    2.10000   24  156    3.01312    2.10000  30.3%   152  356s
  8174  2374 infeasible   28         3.01312    2.10000  30.3%   155  363s
  8339  2295     cutoff   24         3.01312    2.10000  30.3%   156  370s
  8539  2224    3.00000   25  255    3.01312    2.10000  30.3%   159  379s
  8685  2144 infeasible   27         3.01312    2.10000  30.3%   162  389s
  8901  2068    2.20607   24  256    3.01312    2.10216  30.2%   166  396s
  9060  1997    2.26721   26  274    3.01312    2.26317  24.9%   170  405s
  9263  1922     cutoff   23         3.01312    2.26760  24.7%   174  413s
  9476  1837     cutoff   21         3.01312    2.26760  24.7%   178  422s
  9709  1732    2.78507   24  221    3.01312    2.26760  24.7%   182  430s
  9928  1643     cutoff   25         3.01312    2.26760  24.7%   183  438s
 10306  1435     cutoff   31         3.01312    2.34361  22.2%   184  447s
 10742  1185    3.00461   36  171    3.01312    2.34361  22.2%   181  459s
 10831  1155    3.00269   39  140    3.01312    2.41701  19.8%   181  460s
 11194   871     cutoff   24         3.01312    2.41701  19.8%   179  471s
 11792   765     cutoff   23         3.01312    2.42170  19.6%   175  484s
 11912   765    3.00269   31  153    3.01312    2.43096  19.3%   175  485s
 12316   534    3.00269   45  117    3.01312    2.43096  19.3%   173  496s
 13017   381     cutoff   27         3.01312    2.43096  19.3%   168  512s
 13416   381    3.00269   37  136    3.01312    2.98428  0.96%   165  515s
 13760   356     cutoff   27         3.01312    2.98428  0.96%   162  527s
 14503   185 infeasible   44         3.01312    2.98428  0.96%   157  538s
 14802   185    3.01139   35  155    3.01312    2.98428  0.96%   155  541s
 15190   145     cutoff   33         3.01312    3.00269  0.35%   153  552s
 15883     8    3.00893   37  177    3.01312    3.00893  0.14%   149  562s

Cutting planes:
  Learned: 44
  Gomory: 21
  Cover: 383
  Implied bound: 600
  Projected implied bound: 26
  MIR: 454
  StrongCG: 24
  Flow cover: 1134
  GUB cover: 23
  Inf proof: 1
  Zero half: 162
  RLT: 231
  Relax-and-lift: 84
  BQP: 2

Explored 16227 nodes (2421932 simplex iterations) in 565.03 seconds (24.99 work units)
Thread count was 32 (of 48 available processors)

Solution count 4: 3.01312 3.02507 4.00677 4.01685 

Optimal solution found (tolerance 1.00e-04)
Best objective 3.013123620118e+00, best bound 3.013123620118e+00, gap 0.0000%
