
Gurobi 11.0.3 (linux64) logging started Mon Dec  2 16:40:41 2024

Set parameter LogFile to value "POU14119A2_amplicon3_greedy_model_3_alpha=0.01.log"
Gurobi Optimizer version 11.0.3 build v11.0.3rc0 (linux64 - "Rocky Linux 8.10 (Green Obsidian)")

CPU model: Intel(R) Xeon(R) Platinum 8268 CPU @ 2.90GHz, instruction set [SSE2|AVX|AVX2|AVX512]
Thread count: 48 physical cores, 48 logical processors, using up to 32 threads

Academic license 2593743 - for non-commercial use only - registered to vu___@unsw.edu.au
Optimize a model with 1788 rows, 1147 columns and 4651 nonzeros
Model fingerprint: 0xf226957b
Model has 89 quadratic objective terms
Model has 578 quadratic constraints
Variable types: 1 continuous, 1146 integer (718 binary)
Coefficient statistics:
  Matrix range     [1e-01, 6e+02]
  QMatrix range    [1e+00, 2e+02]
  QLMatrix range   [1e+00, 5e+02]
  Objective range  [6e+04, 6e+04]
  QObjective range [4e+00, 4e+05]
  Bounds range     [1e+00, 6e+02]
  RHS range        [1e+00, 5e+00]
  QRHS range       [3e-03, 2e+02]
Found heuristic solution: objective -0.0000000
Presolve removed 714 rows and 218 columns
Presolve time: 0.05s
Presolved: 3780 rows, 2193 columns, 10867 nonzeros
Presolved model has 193 bilinear constraint(s)

Solving non-convex MIQCP

Variable types: 91 continuous, 2102 integer (699 binary)

Root relaxation: objective 4.147973e+09, 1188 iterations, 0.02 seconds (0.03 work units)

    Nodes    |    Current Node    |     Objective Bounds      |     Work
 Expl Unexpl |  Obj  Depth IntInf | Incumbent    BestBd   Gap | It/Node Time

     0     0 4.1480e+09    0  717   -0.00000 4.1480e+09      -     -    0s
     0     0 3.3805e+08    0  704   -0.00000 3.3805e+08      -     -    0s
     0     0 3.3401e+08    0  736   -0.00000 3.3401e+08      -     -    0s
H    0     0                    566102.78274 1.9108e+08      -     -    1s
     0     0 1.9108e+08    0  781 566102.783 1.9108e+08      -     -    1s
     0     0 1.9108e+08    0  788 566102.783 1.9108e+08      -     -    1s
     0     0 1.9093e+08    0  796 566102.783 1.9093e+08      -     -    1s
     0     0 1.7445e+08    0  737 566102.783 1.7445e+08      -     -    1s
     0     0 1.6410e+08    0  765 566102.783 1.6410e+08      -     -    1s
     0     0 6.0729e+07    0  816 566102.783 6.0729e+07      -     -    2s
     0     0 6.0724e+07    0  765 566102.783 6.0724e+07      -     -    2s
     0     0 6.0669e+07    0  786 566102.783 6.0669e+07      -     -    2s
H    0     0                    575487.11164 5.9916e+07      -     -    2s
     0     0 5.9916e+07    0  754 575487.112 5.9916e+07      -     -    2s
     0     0 5.9836e+07    0  772 575487.112 5.9836e+07      -     -    3s
     0     2 5.9740e+07    0  772 575487.112 5.9740e+07      -     -    6s
    12    16 1.2169e+07    3  615 575487.112 5.8904e+07      -   318   10s
    31    62 5.4796e+07    5  697 575487.112 5.8773e+07      -   385   15s
H   32    62                    577488.73691 5.8773e+07      -   373   15s
H   33    62                    1050130.3008 5.8773e+07  5497%   366   15s
H   95   126                    1276425.3579 5.8163e+07  4457%   283   19s
   127   158 5.4617e+07    7  700 1276425.36 5.8163e+07  4457%   251   20s
   294   326 5.4272e+07    9  697 1276425.36 5.8163e+07  4457%   159   26s
   441   434 2.3656e+07   11  646 1276425.36 5.8163e+07  4457%   133   30s
   867   817 3.6463e+07   17  664 1276425.36 5.8163e+07  4457%  89.7   35s
  1233  1064 1.3680e+07   23  570 1276425.36 5.8163e+07  4457%  68.8   41s
  1483  1260 2.3580e+07   25  611 1276425.36 5.8163e+07  4457%  61.5   45s
  2224  1818 9712959.15   34  409 1276425.36 5.8163e+07  4457%  49.8   50s
  2723  2287 7003338.56   39  356 1276425.36 5.8163e+07  4457%  44.6   56s
  3193  2629 3231536.09   43  273 1276425.36 5.8163e+07  4457%  41.0   60s
H 3233  1868                    7533726.5455 5.8163e+07   672%  41.4   60s
  3628  1827 1.1461e+07   11  663 7533726.55 5.6575e+07   651%  44.7   65s
  3914   969 2.4609e+07   11  690 7533726.55 5.6575e+07   651%  46.3   79s
  3916   970 1.1113e+07   26  572 7533726.55 5.6575e+07   651%  46.3   80s
  3921   974 1.0631e+07   26  593 7533726.55 4.1258e+07   448%  46.2   85s
  3927   978 1.0950e+07   16  588 7533726.55 3.4325e+07   356%  46.2   90s
  3934   982 7550424.72  101  589 7533726.55 2.1842e+07   190%  46.1   95s
  3939   986 1.2682e+07   37  585 7533726.55 2.1105e+07   180%  46.0  100s
  3947   991 1.5912e+07   11  599 7533726.55 2.1105e+07   180%  45.9  105s
  3956   997 1.7658e+07    7  730 7533726.55 2.1105e+07   180%  45.8  110s
  3965  1003 1.3057e+07   18  634 7533726.55 2.1105e+07   180%  45.7  115s
  3972  1009 7548545.44   79  508 7533726.55 2.1105e+07   180%  70.4  129s
  3973  1010 2.1105e+07   20  516 7533726.55 2.1105e+07   180%  70.3  130s
  3983  1017 8238002.51   14  572 7533726.55 2.1105e+07   180%  70.2  135s
  3992  1023 1.2017e+07   13  715 7533726.55 2.1105e+07   180%  70.0  140s
  4002  1029 1.0006e+07   22  685 7533726.55 2.1105e+07   180%  69.8  145s
  4013  1037 1.2650e+07   88  607 7533726.55 2.1105e+07   180%  69.6  150s
  4018  1043 2.1105e+07   26  537 7533726.55 2.1105e+07   180%  86.3  162s
  4020  1046 2.1105e+07   27  554 7533726.55 2.1105e+07   180%  86.5  166s
  4024  1053 2.1105e+07   28  534 7533726.55 2.1105e+07   180%  87.1  170s
  4048  1091 2.1105e+07   30  484 7533726.55 2.1105e+07   180%  89.7  181s
  4080  1112 2.1105e+07   31  533 7533726.55 2.1105e+07   180%  93.1  187s
  4112  1128 2.1105e+07   32  549 7533726.55 2.1105e+07   180%  94.5  190s
  4176  1161 2.1105e+07   33  500 7533726.55 2.1105e+07   180%  95.1  196s
  4251  1201 2.1105e+07   34  527 7533726.55 2.1105e+07   180%  95.3  200s
  4293  1222 9979898.74   34  559 7533726.55 2.1105e+07   180%  95.2  206s
  4338  1239 2.1105e+07   35  486 7533726.55 2.1105e+07   180%  94.9  210s
  4504  1377 2.1105e+07   36  681 7533726.55 2.1105e+07   180%  94.4  215s
  4598  1375 2.1075e+07   37  641 7533726.55 2.1105e+07   180%  93.6  226s
  4693  1438 infeasible   38      7533726.55 2.1105e+07   180%  93.9  233s
  4861  1501 infeasible   39      7533726.55 2.1105e+07   180%  92.0  237s
  4972  1593 1.5083e+07   41  500 7533726.55 2.1105e+07   180%  91.2  240s
  5119  1667 1.3027e+07   42  452 7533726.55 2.1105e+07   180%  89.4  245s
  5249  1730 1.2967e+07   44  446 7533726.55 2.1105e+07   180%  88.1  252s
  5428  1806 9470532.90   45  486 7533726.55 2.1105e+07   180%  86.5  258s
  5517  1864 infeasible   45      7533726.55 2.1105e+07   180%  85.9  261s
  5625  1891 infeasible   46      7533726.55 2.1105e+07   180%  85.1  266s
  5717  1938 infeasible   48      7533726.55 2.1105e+07   180%  84.6  270s
  5835  1962 infeasible   49      7533726.55 2.1105e+07   180%  83.8  276s
  6081  1985 2.1105e+07   32  529 7533726.55 2.1105e+07   180%  83.1  285s
  6180  2003 1.0805e+07   34  517 7533726.55 2.1105e+07   180%  83.3  291s
  6269  2043 1.0703e+07   35  520 7533726.55 2.1105e+07   180%  83.5  295s
  6521  2122 9948589.37   40  494 7533726.55 2.1105e+07   180%  83.0  303s
  6687  2153 9579145.54   41  496 7533726.55 2.1105e+07   180%  82.3  311s
  6813  2222 8925372.16   45  519 7533726.55 2.1105e+07   180%  82.0  317s
  6978  2272 7890276.28   49  374 7533726.55 2.1105e+07   180%  81.2  323s
H 7049  1864                    1.560054e+07 2.1105e+07  35.3%  81.3  323s
  7124  1440     cutoff   51      1.5601e+07 2.1105e+07  35.3%  80.8  329s
  7249  1440     cutoff   38      1.5601e+07 2.1105e+07  35.3%  80.6  333s
  7488  1321 2.1105e+07   34  551 1.5601e+07 2.1105e+07  35.3%  79.5  345s
  7680  1321 1.5613e+07   53  310 1.5601e+07 2.1105e+07  35.3%  80.0  353s
  7684  1392 2.1105e+07   35  510 1.5601e+07 2.1105e+07  35.3%  80.1  360s
  7784  1472 2.1105e+07   36  485 1.5601e+07 2.1105e+07  35.3%  81.2  369s
H 7826  1472                    1.613550e+07 2.1105e+07  30.8%  81.4  369s
  7888  1470 2.1105e+07   37  414 1.6136e+07 2.1105e+07  30.8%  81.5  374s
  8118  1556 infeasible   37      1.6136e+07 2.1105e+07  30.8%  81.2  383s
H 8151  1556                    1.619075e+07 2.1105e+07  30.4%  81.2  383s
H 8225  1556                    1.621235e+07 2.1105e+07  30.2%  81.2  383s
  8282  1190 2.1105e+07   38  398 1.6212e+07 2.1105e+07  30.2%  80.9  388s
* 8299  1190              59    1.818977e+07 2.1105e+07  16.0%  81.0  388s
  8768  1139 2.1105e+07   39  346 1.8190e+07 2.1105e+07  16.0%  77.4  404s
  9002  1251 2.1105e+07   42  318 1.8190e+07 2.1105e+07  16.0%  76.8  419s
  9134  1407 2.1105e+07   45  296 1.8190e+07 2.1105e+07  16.0%  77.0  424s
* 9193  1407              65    1.883724e+07 2.1105e+07  12.0%  76.9  424s
  9352  1481 2.1105e+07   50  275 1.8837e+07 2.1105e+07  12.0%  76.3  432s
  9654  1664 2.1105e+07   53  250 1.8837e+07 2.1105e+07  12.0%  75.5  438s
  9923  1848 2.1105e+07   58  247 1.8837e+07 2.1105e+07  12.0%  74.6  443s
* 9947  1848              71    2.108370e+07 2.1105e+07  0.10%  74.6  443s
*10111  1848              77    2.110530e+07 2.1105e+07  0.00%  73.9  443s

Cutting planes:
  Learned: 8
  Gomory: 47
  Cover: 310
  Implied bound: 115
  Projected implied bound: 10
  MIR: 1431
  Mixing: 14
  StrongCG: 116
  Flow cover: 1974
  GUB cover: 39
  Zero half: 219
  RLT: 181
  Relax-and-lift: 64
  BQP: 3

Explored 10230 nodes (761623 simplex iterations) in 443.66 seconds (26.50 work units)
Thread count was 32 (of 48 available processors)

Solution count 10: 2.11053e+07 2.10837e+07 1.88372e+07 ... 1.27643e+06

Optimal solution found (tolerance 1.00e-04)
Best objective 2.110530064964e+07, best bound 2.110530064964e+07, gap 0.0000%
