
Gurobi 11.0.3 (linux64) logging started Mon Dec  2 16:53:11 2024

Set parameter LogFile to value "POU14119A2_amplicon3_greedy_model_6_alpha=0.01.log"
Gurobi Optimizer version 11.0.3 build v11.0.3rc0 (linux64 - "Rocky Linux 8.10 (Green Obsidian)")

CPU model: Intel(R) Xeon(R) Platinum 8268 CPU @ 2.90GHz, instruction set [SSE2|AVX|AVX2|AVX512]
Thread count: 48 physical cores, 48 logical processors, using up to 32 threads

Academic license 2593743 - for non-commercial use only - registered to vu___@unsw.edu.au
Optimize a model with 1788 rows, 1147 columns and 4651 nonzeros
Model fingerprint: 0xd40cdf32
Model has 89 quadratic objective terms
Model has 578 quadratic constraints
Variable types: 1 continuous, 1146 integer (718 binary)
Coefficient statistics:
  Matrix range     [1e-01, 6e+02]
  QMatrix range    [1e+00, 2e+02]
  QLMatrix range   [1e+00, 5e+02]
  Objective range  [2e+04, 2e+04]
  QObjective range [4e+00, 4e+05]
  Bounds range     [1e+00, 6e+02]
  RHS range        [1e+00, 5e+00]
  QRHS range       [3e-03, 1e+02]
Found heuristic solution: objective -0.0000000
Presolve removed 723 rows and 220 columns
Presolve time: 0.05s
Presolved: 3773 rows, 2192 columns, 10854 nonzeros
Presolved model has 193 bilinear constraint(s)

Solving non-convex MIQCP

Variable types: 92 continuous, 2100 integer (697 binary)

Root relaxation: objective 4.120870e+09, 1454 iterations, 0.03 seconds (0.04 work units)

    Nodes    |    Current Node    |     Objective Bounds      |     Work
 Expl Unexpl |  Obj  Depth IntInf | Incumbent    BestBd   Gap | It/Node Time

     0     0 4.1209e+09    0  701   -0.00000 4.1209e+09      -     -    0s
     0     0 4.1209e+09    0  702   -0.00000 4.1209e+09      -     -    0s
     0     0 3.0852e+09    0  715   -0.00000 3.0852e+09      -     -    0s
     0     0 2.9327e+09    0  726   -0.00000 2.9327e+09      -     -    0s
     0     0 2.9238e+09    0  728   -0.00000 2.9238e+09      -     -    0s
     0     0 2.7051e+09    0  718   -0.00000 2.7051e+09      -     -    0s
     0     0 2.6295e+09    0  713   -0.00000 2.6295e+09      -     -    0s
     0     0 2.9510e+08    0  706   -0.00000 2.9510e+08      -     -    0s
     0     0 2.9510e+08    0  704   -0.00000 2.9510e+08      -     -    0s
     0     0 2.9067e+08    0  720   -0.00000 2.9067e+08      -     -    1s
     0     0 1.4854e+08    0  803   -0.00000 1.4854e+08      -     -    1s
     0     0 1.4850e+08    0  805   -0.00000 1.4850e+08      -     -    1s
     0     0 1.4723e+08    0  813   -0.00000 1.4723e+08      -     -    1s
     0     0 1.4487e+08    0  751   -0.00000 1.4487e+08      -     -    2s
     0     0 1.4478e+08    0  740   -0.00000 1.4478e+08      -     -    2s
H    0     0                       0.0000000 1.4478e+08      -     -    2s
H    0     0                       0.0000000 3.7732e+07      -     -    2s
     0     2 3.7732e+07    0  730    0.00000 3.7732e+07      -     -    5s
    23    32 1.4452e+07    4  609    0.00000 3.7732e+07      -   307   10s
H   31    64                    903311.26357 3.7732e+07  4077%   293   14s
H   34    64                    1276425.3579 3.7732e+07  2856%   276   14s
    63    87 3.7732e+07    6  608 1276425.36 3.7732e+07  2856%   244   15s
   344   396 3.7732e+07   13  554 1276425.36 3.7732e+07  2856%   125   20s
   848   857 9533901.34   22  332 1276425.36 3.7732e+07  2856%  75.7   25s
  1148  1012 9275515.48   26  325 1276425.36 3.7732e+07  2856%  60.1   35s
  1811  1503 2129738.12   19  408 1276425.36 3.7732e+07  2856%  46.5   40s
H 2227  1705                    2069559.0316 3.7732e+07  1723%  41.9   42s
  2635  1820 5231926.99   15  531 2069559.03 3.7732e+07  1723%  41.7   46s
  3132  1830 4274622.25   25  455 2069559.03 3.7732e+07  1723%  40.5   50s
H 3476  1810                    2172045.4031 3.7732e+07  1637%  39.0   51s
  3893  2079 infeasible   36      2172045.40 3.7732e+07  1637%  38.5   55s
  4119  2080 4131804.57   29  648 2172045.40 3.7732e+07  1637%  38.1   68s
  4124  2083 5446464.80   21  652 2172045.40 1.1245e+07   418%  38.0   70s
  4134  2090 4983394.09   21  571 2172045.40 7263965.78   234%  37.9   75s
  4144  2097 2276045.53   21  579 2172045.40 6959692.84   220%  37.8   80s
  4153  2103 3173147.84  147  613 2172045.40 5943622.24   174%  37.7   85s
H 4153  1997                    4064327.8354 5927991.28  45.9%  37.7   85s
  4163  2003 4064327.84   66  602 4064327.84 5920371.46  45.7%  37.7   91s
  4165  2008 5920371.46   11  576 4064327.84 5920371.46  45.7%  54.5   98s
  4167  2011 5920371.46   12  663 4064327.84 5920371.46  45.7%  54.6  102s
  4171  2016 5920371.46   13  676 4064327.84 5920371.46  45.7%  55.1  105s
  4179  2025 5920371.46   14  665 4064327.84 5920371.46  45.7%  56.7  111s
  4193  2030 5920371.46   15  718 4064327.84 5920371.46  45.7%  58.4  117s
  4219  2048 5920371.46   16  677 4064327.84 5920371.46  45.7%  60.8  122s
  4251  2065 5920371.46   17  669 4064327.84 5920371.46  45.7%  62.6  126s
  4283  2082 5037605.33   17  614 4064327.84 5920371.46  45.7%  64.2  130s
  4347  2124 4914815.47   18  610 4064327.84 5920371.46  45.7%  65.1  136s
H 4392  2040                    4233428.5480 5920371.46  39.8%  65.5  139s
  4424  2059 5003749.95   19  589 4233428.55 5920371.46  39.8%  65.9  143s
  4472  2060 4512796.59   20  608 4233428.55 5920371.46  39.8%  66.6  147s
  4571  2059     cutoff   21      4233428.55 5920371.46  39.8%  67.5  153s
  4625  2057     cutoff   21      4233428.55 5920371.46  39.8%  68.0  156s
  4673  2059 4488508.66   23  521 4233428.55 5920371.46  39.8%  68.9  160s
  4771  2077 infeasible   24      4233428.55 5920371.46  39.8%  69.5  167s
  4824  2081 4487554.91   24  482 4233428.55 5920371.46  39.8%  70.0  171s
  4876  2101 infeasible   25      4233428.55 5920371.46  39.8%  70.6  175s
  5007  2205     cutoff   27      4233428.55 5920371.46  39.8%  70.4  180s
  5176  2142 5920371.46   18  666 4233428.55 5920371.46  39.8%  69.6  185s
  5256  2121 5665236.09   21  534 4233428.55 5920371.46  39.8%  70.1  190s
  5323  2134 5665236.09   22  532 4233428.55 5920371.46  39.8%  71.2  195s
  5412  2121 4483815.51   24  456 4233428.55 5920371.46  39.8%  71.8  200s
  5454  2133 4475535.16   25  438 4233428.55 5920371.46  39.8%  72.5  206s
  5529  2132 4353609.12   27  499 4233428.55 5920371.46  39.8%  72.6  213s
  5605  2138 infeasible   26      4233428.55 5920371.46  39.8%  73.1  221s
  5687  2151 5920371.46   20  649 4233428.55 5920371.46  39.8%  74.0  227s
  5782  2152 5920371.46   23  608 4233428.55 5920371.46  39.8%  74.2  234s
  5894  2274 5772018.00   27  610 4233428.55 5920371.46  39.8%  74.4  238s
  6148  2180 4951595.69   32  533 4233428.55 5920371.46  39.8%  73.0  244s
  6227  2153 infeasible   48      4233428.55 5920371.46  39.8%  73.7  245s
  6268  2162 5920371.46   22  701 4233428.55 5920371.46  39.8%  74.2  251s
  6327  2194 5920371.46   24  699 4233428.55 5920371.46  39.8%  75.5  267s
  6441  2210 infeasible   26      4233428.55 5920371.46  39.8%  76.4  272s
  6545  2366 5920371.46   28  612 4233428.55 5920371.46  39.8%  76.9  279s
  6808  2283 infeasible   35      4233428.55 5920371.46  39.8%  76.5  296s
  6938  2331 5462412.94   21  536 4233428.55 5920371.46  39.8%  78.2  301s
  7070  2516 5065985.25   25  501 4233428.55 5920371.46  39.8%  78.4  306s
  7481  2362 infeasible   36      4233428.55 5920371.46  39.8%  76.2  314s
  7617  2360 4261895.23   37  345 4233428.55 5920371.46  39.8%  77.0  323s
  7735  2374 4258207.76   40  325 4233428.55 5920371.46  39.8%  77.9  330s
  7840  2535 4258207.76   45  264 4233428.55 5920371.46  39.8%  77.9  335s
  8270  2362 infeasible   66      4233428.55 5920371.46  39.8%  76.5  344s
  8409  2367 4253940.27   42  330 4233428.55 5920371.46  39.8%  77.9  353s
  8526  2404 infeasible   44      4233428.55 5920371.46  39.8%  78.4  370s
  8664  2587 4253940.27   46  245 4233428.55 5920371.46  39.8%  78.4  375s
  9159  2441 infeasible   61      4233428.55 5920371.46  39.8%  76.3  385s
  9296  2434 5920371.46   25  687 4233428.55 5920371.46  39.8%  77.4  400s
  9444  2706 5920371.46   26  660 4233428.55 5920371.46  39.8%  77.8  406s
H10048  2230                    4258941.7846 5920371.46  39.0%  75.7  406s
 10090  2134 5920371.46   27  639 4258941.78 5920371.46  39.0%  75.6  424s
H10216  2119                    4260977.2802 5920371.46  38.9%  76.9  424s
 10246  2177 5920371.46   28  636 4260977.28 5920371.46  38.9%  77.1  433s
 10390  2228 5883958.14   30  546 4260977.28 5920371.46  38.9%  77.5  443s
 10618  2292 infeasible   35      4260977.28 5920371.46  38.9%  78.2  455s
 10806  2650 5441509.90   38  528 4260977.28 5920371.46  38.9%  78.3  468s
 11597  2628 infeasible   61      4260977.28 5920371.46  38.9%  75.5  479s
 11769  2671 5920371.46   26  667 4260977.28 5920371.46  38.9%  76.4  487s
 11962  2710 5920371.46   30  588 4260977.28 5920371.46  38.9%  76.9  498s
 12155  3055 5920371.46   31  546 4260977.28 5920371.46  38.9%  77.1  507s
H12303  2035                    5799877.2823 5920371.46  2.08%  76.7  507s
 12984  1512     cutoff   51      5799877.28 5920371.46  2.08%  75.0  527s
 13231  1168 infeasible   32      5799877.28 5920371.46  2.08%  78.1  537s
 13618  1168 infeasible   29      5799877.28 5920371.46  2.08%  79.5  544s
 13636   311     cutoff   32      5799877.28 5920371.46  2.08%  79.7  555s
 13954   311 5920371.46   22  642 5799877.28 5920371.46  2.08%  79.3  560s
 14539    30 5845356.46   25  690 5799877.28 5920371.46  2.08%  76.8  572s
 14836     6 infeasible   28      5799877.28 5920371.46  2.08%  75.8  588s
 14868     8 infeasible   32      5799877.28 5920371.46  2.08%  75.6  598s
 14886     7 infeasible   32      5799877.28 5920371.46  2.08%  75.8  607s
 14911     0 infeasible   33      5799877.28 5920371.46  2.08%  75.8  613s

Cutting planes:
  Learned: 67
  Gomory: 34
  Cover: 428
  Implied bound: 170
  Projected implied bound: 19
  Clique: 1
  MIR: 1522
  Mixing: 20
  StrongCG: 124
  Flow cover: 2220
  GUB cover: 26
  Inf proof: 2
  Zero half: 243
  RLT: 221
  Relax-and-lift: 115
  BQP: 10

Explored 14926 nodes (1141552 simplex iterations) in 613.36 seconds (22.59 work units)
Thread count was 32 (of 48 available processors)

Solution count 10: 5.79988e+06 4.26098e+06 4.25894e+06 ... 3.16811e-09

Optimal solution found (tolerance 1.00e-04)
Best objective 5.799877282318e+06, best bound 5.799877282318e+06, gap 0.0000%
