
Gurobi 11.0.3 (linux64) logging started Thu Dec 12 17:34:53 2024

Set parameter LogFile to value "POU14119A1_amplicon2_greedy_model_1_alpha=0.01.log"
Gurobi Optimizer version 11.0.3 build v11.0.3rc0 (linux64 - "Rocky Linux 8.10 (Green Obsidian)")

CPU model: Intel(R) Xeon(R) Platinum 8268 CPU @ 2.90GHz, instruction set [SSE2|AVX|AVX2|AVX512]
Thread count: 48 physical cores, 48 logical processors, using up to 32 threads

Academic license 2593743 - for non-commercial use only - registered to vu___@unsw.edu.au
Optimize a model with 2042 rows, 1138 columns and 5168 nonzeros
Model fingerprint: 0x375976f5
Model has 87 quadratic objective terms
Model has 559 quadratic constraints
Variable types: 1 continuous, 1137 integer (724 binary)
Coefficient statistics:
  Matrix range     [1e-01, 4e+02]
  QMatrix range    [1e+00, 2e+02]
  QLMatrix range   [1e+00, 2e+02]
  Objective range  [5e+04, 5e+04]
  QObjective range [4e+00, 3e+05]
  Bounds range     [1e+00, 4e+02]
  RHS range        [1e+00, 4e+00]
  QRHS range       [6e-05, 4e+02]
Found heuristic solution: objective -0.0000000
Presolve removed 640 rows and 148 columns
Presolve time: 0.04s
Presolved: 4095 rows, 2257 columns, 11479 nonzeros
Presolved model has 191 bilinear constraint(s)

Solving non-convex MIQCP

Variable types: 89 continuous, 2168 integer (765 binary)

Root relaxation: objective 3.213592e+09, 1173 iterations, 0.02 seconds (0.03 work units)

    Nodes    |    Current Node    |     Objective Bounds      |     Work
 Expl Unexpl |  Obj  Depth IntInf | Incumbent    BestBd   Gap | It/Node Time

     0     0 3.2136e+09    0  705   -0.00000 3.2136e+09      -     -    0s
     0     0 3.2125e+09    0  706   -0.00000 3.2125e+09      -     -    0s
     0     0 4.9795e+08    0  762   -0.00000 4.9795e+08      -     -    0s
     0     0 4.9700e+08    0  812   -0.00000 4.9700e+08      -     -    0s
     0     0 4.9681e+08    0  812   -0.00000 4.9681e+08      -     -    0s
     0     0 4.5302e+08    0  783   -0.00000 4.5302e+08      -     -    1s
     0     0 4.5302e+08    0  771   -0.00000 4.5302e+08      -     -    1s
H    0     0                       0.0000000 4.5302e+08      -     -    1s
     0     0 4.5296e+08    0  778    0.00000 4.5296e+08      -     -    1s
     0     0 4.3153e+08    0  828    0.00000 4.3153e+08      -     -    1s
H    0     0                       0.0000000 4.3153e+08      -     -    1s
     0     0 4.3150e+08    0  793    0.00000 4.3150e+08      -     -    1s
     0     0 3.8451e+08    0  810    0.00000 3.8451e+08      -     -    1s
H    0     0                    7757336.5610 3.8414e+08  4852%     -    2s
     0     0 3.8414e+08    0  820 7757336.56 3.8414e+08  4852%     -    2s
     0     0 3.8252e+08    0  793 7757336.56 3.8252e+08  4831%     -    2s
     0     0 3.8252e+08    0  617 7757336.56 3.8252e+08  4831%     -    2s
     0     2 3.8251e+08    0  583 7757336.56 3.8251e+08  4831%     -    6s
    15    32 3.4719e+08    4  554 7757336.56 3.7599e+08  4747%   429   10s
H   31    64                    1.091480e+07 3.7481e+08  3334%   374   12s
    95   128 3.4468e+08    7  491 1.0915e+07 3.7401e+08  3327%   229   15s
   249   294 3.4109e+08   10  532 1.0915e+07 3.7397e+08  3326%   153   20s
   538   627 3.1102e+08   15  506 1.0915e+07 3.7397e+08  3326%  98.9   26s
   847   943 2.9322e+08   17  503 1.0915e+07 3.7397e+08  3326%  77.2   30s
H 1114  1084                    1.416650e+07 3.7397e+08  2540%  63.3   47s
  1261  1308 2.4477e+08   21  456 1.4166e+07 3.7397e+08  2540%  60.1   51s
  1701  1638 2.3601e+08   26  415 1.4166e+07 3.7397e+08  2540%  50.6   55s
  2247  2009 infeasible   31      1.4166e+07 3.7397e+08  2540%  44.5   61s
  2653  2417 1.6680e+08   44  366 1.4166e+07 3.7397e+08  2540%  41.7   65s
  3433  2952 1.6671e+08   62  369 1.4166e+07 3.7397e+08  2540%  38.0   70s
  4053  3421 1.6671e+08   80  384 1.4166e+07 3.7397e+08  2540%  36.5   76s
  4572  3629 2.5121e+08   34  538 1.4166e+07 3.7397e+08  2540%  35.7   91s
  4579  3634 2.7102e+08   79  434 1.4166e+07 3.6855e+08  2502%  35.7   95s
  4587  3639 7.3321e+07   33  536 1.4166e+07 3.4925e+08  2365%  35.6  100s
  4597  3646 3.3890e+08   10  518 1.4166e+07 3.4925e+08  2365%  35.5  105s
  4607  3652 1.3336e+08   36  529 1.4166e+07 3.1961e+08  2156%  35.4  110s
  4617  3659 4.7335e+07   45  524 1.4166e+07 3.0553e+08  2057%  35.4  115s
  4629  3667 2.4810e+07   33  433 1.4166e+07 3.0362e+08  2043%  35.3  120s
  4638  3674 8.0887e+07   59  538 1.4166e+07 3.0362e+08  2043%  50.4  126s
  4640  3675 2.2247e+08   20  466 1.4166e+07 3.0362e+08  2043%  50.4  132s
  4641  3676 2.2685e+08   31  463 1.4166e+07 3.0362e+08  2043%  50.4  136s
  4649  3681 1.8237e+08   20  556 1.4166e+07 3.0362e+08  2043%  50.3  140s
  4662  3690 1.4807e+07   47  577 1.4166e+07 3.0362e+08  2043%  50.2  145s
  4672  3697 2.5121e+08   34  467 1.4166e+07 3.0362e+08  2043%  50.0  151s
  4674  3701 3.0362e+08   28  576 1.4166e+07 3.0362e+08  2043%  56.1  168s
  4676  3704 3.0362e+08   29  615 1.4166e+07 3.0362e+08  2043%  56.3  173s
  4680  3711 3.0362e+08   30  620 1.4166e+07 3.0362e+08  2043%  56.7  176s
  4688  3724 3.0362e+08   31  641 1.4166e+07 3.0362e+08  2043%  57.3  182s
  4704  3751 3.0362e+08   32  707 1.4166e+07 3.0362e+08  2043%  58.4  188s
H 4736  3586                    1.635149e+07 3.0362e+08  1757%  60.2  202s
H 4768  3432                    1.704532e+07 3.0362e+08  1681%  61.2  206s
  4800  3453 3.0362e+08   35  690 1.7045e+07 3.0362e+08  1681%  61.8  211s
  4832  3474 2.4269e+08   35  667 1.7045e+07 3.0362e+08  1681%  62.7  215s
  4970  3593 2.7555e+08   37  735 1.7045e+07 3.0362e+08  1681%  63.2  220s
  5082  3654 3.0362e+08   39  677 1.7045e+07 3.0362e+08  1681%  63.1  225s
  5274  3794 1.4964e+08   40  534 1.7045e+07 3.0362e+08  1681%  63.2  230s
  5378  3848 infeasible   41      1.7045e+07 3.0362e+08  1681%  63.3  238s
  5428  3938 3.0362e+08   42  702 1.7045e+07 3.0362e+08  1681%  63.4  241s
  5536  3943 2.4705e+08   43  638 1.7045e+07 3.0362e+08  1681%  63.1  246s
  5754  4054 3.0362e+08   45  655 1.7045e+07 3.0362e+08  1681%  62.0  252s
  5810  4079 3.0362e+08   46  687 1.7045e+07 3.0362e+08  1681%  61.9  256s
  5864  4111 1.5175e+08   46  630 1.7045e+07 3.0362e+08  1681%  61.9  262s
  5930  4159 2.9864e+08   47  646 1.7045e+07 3.0362e+08  1681%  61.9  265s
  6132  4254 2.2245e+08   48  613 1.7045e+07 3.0362e+08  1681%  60.9  273s
  6218  4300 infeasible   48      1.7045e+07 3.0362e+08  1681%  60.9  276s
  6477  4407 2.2652e+07   51  558 1.7045e+07 3.0362e+08  1681%  59.7  281s
  6659  4510 2.0925e+07   53  405 1.7045e+07 3.0362e+08  1681%  59.3  289s
  6781  4544 infeasible   55      1.7045e+07 3.0362e+08  1681%  58.7  295s
  7011  4776 2.0925e+07   58  387 1.7045e+07 3.0362e+08  1681%  58.0  300s
  7256  4739 2.0758e+07   63  383 1.7045e+07 3.0362e+08  1681%  56.7  305s
  7512  4844 2.0758e+07   65  390 1.7045e+07 3.0362e+08  1681%  56.6  313s
  7645  4948 infeasible   67      1.7045e+07 3.0362e+08  1681%  56.4  318s
  7853  4925     cutoff   70      1.7045e+07 3.0362e+08  1681%  55.6  334s
H 7865  4711                    2.291181e+07 3.0362e+08  1225%  55.7  334s
  7932  4778     cutoff   71      2.2912e+07 3.0362e+08  1225%  55.4  340s
H 7964  4608                    2.296583e+07 3.0362e+08  1222%  55.3  340s
  8094  4691 3.0362e+08   34  693 2.2966e+07 3.0362e+08  1222%  55.3  346s
H 8116  4532                    2.296583e+07 3.0362e+08  1222%  55.3  346s
  8267  4617 3.0362e+08   36  661 2.2966e+07 3.0362e+08  1222%  55.0  351s
  8465  4670 3.0362e+08   40  613 2.2966e+07 3.0362e+08  1222%  54.7  356s
  8656  4777 3.0362e+08   42  600 2.2966e+07 3.0362e+08  1222%  54.2  363s
  8876  5169 2.8319e+08   44  586 2.2966e+07 3.0362e+08  1222%  53.7  368s
  9442  4968 2.4494e+08   59  372 2.2966e+07 3.0362e+08  1222%  52.1  377s
  9583  5041 2.4494e+08   62  371 2.2966e+07 3.0362e+08  1222%  52.9  382s
  9721  5519 2.4494e+08   67  354 2.2966e+07 3.0362e+08  1222%  53.4  388s
 10318  5394 3.0362e+08   35  653 2.2966e+07 3.0362e+08  1222%  51.8  394s
 10413  5362 infeasible   77      2.2966e+07 3.0362e+08  1222%  51.7  395s
 11120  5783 2.0891e+08   43  582 2.2966e+07 3.0362e+08  1222%  51.3  407s
 11338  6381 3.9230e+07   44  443 2.2966e+07 3.0362e+08  1222%  51.7  412s
 12075  6167 infeasible   60      2.2966e+07 3.0362e+08  1222%  50.0  420s
 12257  6782 3.0362e+08   37  727 2.2966e+07 3.0362e+08  1222%  51.0  425s
 13018  6555 infeasible   47      2.2966e+07 3.0362e+08  1222%  49.6  432s
 13204  6779 2.5509e+08   44  597 2.2966e+07 3.0362e+08  1222%  49.9  438s
 13544  6869 9.1438e+07   56  443 2.2966e+07 3.0362e+08  1222%  49.8  445s
 13761  7574 9.1438e+07   62  422 2.2966e+07 3.0362e+08  1222%  50.2  452s
 14633  7605 infeasible   92      2.2966e+07 3.0362e+08  1222%  49.3  463s
 14866  7731 3.0362e+08   38  750 2.2966e+07 3.0362e+08  1222%  50.5  471s
 15032  8771 3.0362e+08   40  739 2.2966e+07 3.0362e+08  1222%  50.6  478s
 16193  8821 infeasible   56      2.2966e+07 3.0362e+08  1222%  48.8  487s
H16296  8387                    3.005186e+07 3.0362e+08   910%  49.2  487s
 16463  8640 3.0362e+08   42  633 3.0052e+07 3.0362e+08   910%  49.8  497s
 16770  9757 3.0362e+08   46  598 3.0052e+07 3.0362e+08   910%  50.9  507s
 18110  9871 infeasible   76      3.0052e+07 3.0362e+08   910%  49.4  520s
H18141  9668                    3.767472e+07 3.0362e+08   706%  49.6  520s
 18385  9852 3.0362e+08   41  672 3.7675e+07 3.0362e+08   706%  50.4  530s
 18639 11198 2.2112e+08   44  616 3.7675e+07 3.0362e+08   706%  51.2  540s
H18687 11181                    3.855713e+07 3.0362e+08   687%  51.1  540s
 20260 11201 5.0756e+07   89  285 3.8557e+07 3.0362e+08   687%  49.3  551s
H20312 10929                    4.374727e+07 3.0362e+08   594%  49.3  551s
H20424 10314                    5.428984e+07 3.0362e+08   459%  49.9  552s
 20446 10519     cutoff   99      5.4290e+07 3.0362e+08   459%  50.0  562s
 20699 11858 3.0362e+08   42  736 5.4290e+07 3.0362e+08   459%  50.9  574s
H21098 11826                    5.453729e+07 3.0362e+08   457%  50.6  574s
H21310 11776                    5.553274e+07 3.0362e+08   447%  50.4  574s
 22350 11836 6.8468e+07   66  403 5.5533e+07 3.0362e+08   447%  49.6  588s
H22359 11805                    5.629829e+07 3.0362e+08   439%  49.6  588s
H22507 11532                    5.882142e+07 3.0362e+08   416%  50.1  588s
 22657 12903 6.8304e+07   73  382 5.8821e+07 3.0362e+08   416%  50.8  604s
H22978 12775                    5.943660e+07 3.0362e+08   411%  50.7  604s
H23090 12409                    6.460952e+07 3.0362e+08   370%  50.7  604s
 24281 12440 6.7912e+07  134  247 6.4610e+07 3.0362e+08   370%  49.8  616s
H24392 12419                    6.522470e+07 3.0362e+08   365%  50.3  617s
H24512 12401                    6.534501e+07 3.0362e+08   365%  50.6  617s
 24591 12725 2.5428e+08   42  552 6.5345e+07 3.0362e+08   365%  51.1  631s
 24959 14419 2.5221e+08   49  482 6.5345e+07 3.0362e+08   365%  51.1  644s
H26105 14102                    6.781377e+07 3.0362e+08   348%  49.6  644s
H27103 13076                    7.317007e+07 3.0362e+08   315%  48.9  645s
 27177 12698 infeasible  118      7.3170e+07 3.0362e+08   315%  48.8  656s
H27181 11820                    8.152298e+07 3.0362e+08   272%  48.8  656s
 27405 12056 3.0362e+08   45  757 8.1523e+07 3.0362e+08   272%  49.6  676s
 27710 13788 9.5212e+07   49  443 8.1523e+07 3.0362e+08   272%  50.3  691s
 29842 13899 2.4335e+08   75  310 8.1523e+07 3.0362e+08   272%  48.7  707s
H30063 13687                    8.389972e+07 3.0362e+08   262%  49.4  708s
 30151 15532 2.3574e+08   93  258 8.3900e+07 3.0362e+08   262%  49.9  723s
 32338 15661 3.0362e+08   39  635 8.3900e+07 3.0362e+08   262%  48.4  740s
H32442 14488                    9.838191e+07 3.0362e+08   209%  48.5  741s
H32717 13851                    1.361413e+08 3.0362e+08   123%  49.6  756s
H32838 13793                    1.375652e+08 3.0362e+08   121%  49.6  756s
 33054 14153 2.5244e+08   56  526 1.3757e+08 3.0362e+08   121%  50.0  772s
 33668 16552 2.3285e+08   73  424 1.3757e+08 3.0362e+08   121%  50.2  791s
H34919 16527                    1.404653e+08 3.0362e+08   116%  49.1  791s
 36638 16655 infeasible  164      1.4047e+08 3.0362e+08   116%  48.0  807s
H36778 16638                    1.434361e+08 3.0362e+08   112%  48.4  807s
H36874 16439                    1.517909e+08 3.0362e+08   100%  48.6  808s
 36948 18273 2.5308e+08   46  526 1.5179e+08 3.0362e+08   100%  48.7  823s
 39329 18362 infeasible  135      1.5179e+08 3.0362e+08   100%  47.6  841s
H39342 17579                    1.769811e+08 3.0362e+08  71.6%  47.6  841s
 39682 18077 3.0362e+08   55  477 1.7698e+08 3.0362e+08  71.6%  48.2  858s
 40240 20731 3.0362e+08   65  441 1.7698e+08 3.0362e+08  71.6%  48.3  877s
H40264 20625                    1.796855e+08 3.0362e+08  69.0%  48.3  877s
H41252 20201                    1.898716e+08 3.0362e+08  59.9%  47.6  877s
 43720 20261 3.0362e+08   62  519 1.8987e+08 3.0362e+08  59.9%  46.0  899s
H43729 20194                    1.925760e+08 3.0362e+08  57.7%  46.0  899s
H43738 20142                    1.928425e+08 3.0362e+08  57.4%  46.0  899s
H43820 19016                    2.057460e+08 3.0362e+08  47.6%  46.2  899s
 43855 19016 infeasible  329      2.0575e+08 3.0362e+08  47.6%  46.3  900s
 44049 20794 3.0362e+08   69  480 2.0575e+08 3.0362e+08  47.6%  46.8  918s
H44072 20794                    2.057771e+08 3.0362e+08  47.5%  46.8  918s
H44147 20136                    2.114226e+08 3.0362e+08  43.6%  46.8  918s
 46341 20223 infeasible  124      2.1142e+08 3.0362e+08  43.6%  45.8  942s
H46344 20221                    2.115026e+08 3.0362e+08  43.6%  45.8  942s
H46344 19489                    2.141783e+08 3.0362e+08  41.8%  45.8  942s
H46360 19098                    2.158266e+08 3.0362e+08  40.7%  45.9  942s
H46535  4820                    2.751157e+08 3.0362e+08  10.4%  46.2  944s
 46705  4985     cutoff   51      2.7512e+08 3.0362e+08  10.4%  46.4  964s
 47136  6941 3.0362e+08   55  445 2.7512e+08 3.0362e+08  10.4%  47.0  986s
 49989  7158 3.0362e+08   48  605 2.7512e+08 3.0362e+08  10.4%  46.5 1012s
H50105  6645                    2.801354e+08 3.0362e+08  8.38%  46.8 1012s
 50450  9262 3.0346e+08   62  418 2.8014e+08 3.0362e+08  8.38%  47.3 1037s
 54151  9512 infeasible   60      2.8014e+08 3.0362e+08  8.38%  46.0 1063s
H54161  9133                    2.833423e+08 3.0362e+08  7.16%  46.1 1063s
H54227  8828                    2.858120e+08 3.0362e+08  6.23%  46.3 1063s
 54539 11512 3.0362e+08   52  615 2.8581e+08 3.0362e+08  6.23%  46.8 1092s
 58477 11870 infeasible   65      2.8581e+08 3.0362e+08  6.23%  45.7 1123s
H58548 11868                    2.858609e+08 3.0362e+08  6.21%  45.8 1123s
 59096 14296 3.0362e+08   59  473 2.8586e+08 3.0362e+08  6.21%  46.4 1150s
 62854 14818 infeasible  123      2.8586e+08 3.0362e+08  6.21%  45.7 1183s
 63660 17966 3.0281e+08   67  386 2.8586e+08 3.0362e+08  6.21%  46.2 1215s
 68461 18553 infeasible   91      2.8586e+08 3.0362e+08  6.21%  45.1 1248s
 69483 19771 2.8825e+08   71  229 2.8586e+08 3.0362e+08  6.21%  45.5 1291s
H69893 16309                    2.945142e+08 3.0362e+08  3.09%  45.4 1292s
 71366 19586     cutoff  196      2.9451e+08 3.0362e+08  3.09%  45.3 1334s
 71942 19586 3.0362e+08   73  418 2.9451e+08 3.0362e+08  3.09%  45.1 1335s
 77501 20122 infeasible   65      2.9451e+08 3.0362e+08  3.09%  43.9 1379s
 77711 20122 3.0362e+08   49  489 2.9451e+08 3.0362e+08  3.09%  44.0 1380s
 78538 23671 3.0362e+08   49  521 2.9451e+08 3.0362e+08  3.09%  44.6 1423s
 83449 23671 3.0362e+08   55  594 2.9451e+08 3.0362e+08  3.09%  43.9 1426s
 84370 24515 infeasible   57      2.9451e+08 3.0362e+08  3.09%  43.8 1474s
 85769 25897 3.0362e+08   59  525 2.9451e+08 3.0362e+08  3.09%  44.3 1527s
H85825 21886                    2.954338e+08 3.0362e+08  2.77%  44.3 1528s
H85857 19347                    2.986408e+08 3.0362e+08  1.67%  44.3 1528s
 87784 19242 infeasible   72      2.9864e+08 3.0362e+08  1.67%  44.0 1583s
 88984 23265 infeasible   72      2.9864e+08 3.0362e+08  1.67%  45.1 1643s
 91638 23265     cutoff   64      2.9864e+08 3.0362e+08  1.67%  45.2 1645s
 95940 23763 infeasible   76      2.9864e+08 3.0362e+08  1.67%  45.5 1713s
 97123 24573 3.0362e+08   73  489 2.9864e+08 3.0362e+08  1.67%  46.5 1774s
 98766 29803 3.0362e+08   63  609 2.9864e+08 3.0362e+08  1.67%  47.7 1848s
 107453 30538 infeasible   72      2.9864e+08 3.0362e+08  1.67%  47.5 1919s
H108210 29382                    3.011104e+08 3.0362e+08  0.83%  47.8 1919s
 109009 34435 3.0362e+08   54  532 3.0111e+08 3.0362e+08  0.83%  48.2 1997s
 117639 34960 infeasible   77      3.0111e+08 3.0362e+08  0.83%  47.3 2054s
 118772 34960 infeasible   77      3.0111e+08 3.0362e+08  0.83%  47.8 2057s
 118945 39952 3.0362e+08   46  611 3.0111e+08 3.0362e+08  0.83%  47.9 2118s
 127123 40544 infeasible   88      3.0111e+08 3.0362e+08  0.83%  47.1 2177s
 128425 42146 3.0362e+08   56  544 3.0111e+08 3.0362e+08  0.83%  47.4 2235s
 131463 42146 3.0362e+08   52  569 3.0111e+08 3.0362e+08  0.83%  47.8 2240s
 131464 47247 3.0362e+08   50  563 3.0111e+08 3.0362e+08  0.83%  47.8 2309s
 138896 47247 3.0362e+08   54  560 3.0111e+08 3.0362e+08  0.83%  47.0 2311s
 139676 47913 infeasible   91      3.0111e+08 3.0362e+08  0.83%  46.9 2363s
 141122 48782 3.0362e+08   86  374 3.0111e+08 3.0362e+08  0.83%  47.3 2429s
 142306 48782 infeasible   64      3.0111e+08 3.0362e+08  0.83%  47.5 2431s
 142943 52955 3.0362e+08   54  591 3.0111e+08 3.0362e+08  0.83%  47.7 2508s
 151261 53532 infeasible   87      3.0111e+08 3.0362e+08  0.83%  47.2 2568s
 152764 57245 infeasible   85      3.0111e+08 3.0362e+08  0.83%  47.6 2635s
 160199 57789 3.0362e+08   52  587 3.0111e+08 3.0362e+08  0.83%  47.5 2689s
 160685 57789 infeasible   55      3.0111e+08 3.0362e+08  0.83%  47.6 2690s
 161525 62509 3.0362e+08   63  398 3.0111e+08 3.0362e+08  0.83%  48.0 2756s
 169393 63057 infeasible   74      3.0111e+08 3.0362e+08  0.83%  47.5 2809s
 169519 63057 infeasible   73      3.0111e+08 3.0362e+08  0.83%  47.5 2810s
 170723 63901 3.0362e+08   75  415 3.0111e+08 3.0362e+08  0.83%  47.8 2885s
 172761 69436 3.0362e+08   53  529 3.0111e+08 3.0362e+08  0.83%  48.1 2954s
 173561 69436 3.0362e+08   58  507 3.0111e+08 3.0362e+08  0.83%  48.1 2955s
 181949 69989 infeasible   61      3.0111e+08 3.0362e+08  0.83%  47.4 3016s
 183210 74519 3.0362e+08   62  446 3.0111e+08 3.0362e+08  0.83%  47.8 3079s
 190640 75104 infeasible   73      3.0111e+08 3.0362e+08  0.83%  47.4 3130s
 192007 79587 3.0362e+08   65  376 3.0111e+08 3.0362e+08  0.83%  47.7 3194s
 199446 80177 infeasible   83      3.0111e+08 3.0362e+08  0.83%  47.2 3244s
 199629 80177 infeasible  110      3.0111e+08 3.0362e+08  0.83%  47.2 3245s
 200858 84133 3.0362e+08   64  465 3.0111e+08 3.0362e+08  0.83%  47.5 3304s
 204944 84133 3.0362e+08   54  552 3.0111e+08 3.0362e+08  0.83%  47.3 3305s
 207710 84487 infeasible   78      3.0111e+08 3.0362e+08  0.83%  47.2 3355s
 208991 85182 3.0362e+08   57  595 3.0111e+08 3.0362e+08  0.83%  47.6 3416s
 210702 89844 3.0362e+08   56  510 3.0111e+08 3.0362e+08  0.83%  48.0 3489s
 216726 89844 3.0362e+08   81  351 3.0111e+08 3.0362e+08  0.83%  47.8 3491s
 218905 90291 infeasible   71      3.0111e+08 3.0362e+08  0.83%  47.7 3545s
 220223 94760 3.0362e+08   60  529 3.0111e+08 3.0362e+08  0.83%  48.1 3612s
 227860 95273 infeasible   94      3.0111e+08 3.0362e+08  0.83%  47.7 3670s
 229273 95839 3.0362e+08   63  479 3.0111e+08 3.0362e+08  0.83%  48.1 3742s
 231513 100648 3.0362e+08   85  342 3.0111e+08 3.0362e+08  0.83%  48.3 3824s
 233895 100648 3.0362e+08   55  507 3.0111e+08 3.0362e+08  0.83%  48.2 3825s
 240181 101111 infeasible   90      3.0111e+08 3.0362e+08  0.83%  48.0 3877s
 241125 101111 3.0362e+08   53  538 3.0111e+08 3.0362e+08  0.83%  48.2 3880s
 241482 105361 3.0362e+08   60  482 3.0111e+08 3.0362e+08  0.83%  48.3 3945s
 249520 105803 infeasible   62      3.0111e+08 3.0362e+08  0.83%  47.9 4004s
 249859 105803 infeasible   88      3.0111e+08 3.0362e+08  0.83%  48.0 4005s
 250760 106562 3.0362e+08   56  586 3.0111e+08 3.0362e+08  0.83%  48.2 4066s
 252551 110945 3.0362e+08   65  450 3.0111e+08 3.0362e+08  0.83%  48.5 4144s
 253024 110945 3.0362e+08   63  614 3.0111e+08 3.0362e+08  0.83%  48.5 4145s
 260880 111413 infeasible   80      3.0111e+08 3.0362e+08  0.83%  48.1 4203s
 261518 111413 infeasible   78      3.0111e+08 3.0362e+08  0.83%  48.2 4205s
 262240 115543 infeasible   60      3.0111e+08 3.0362e+08  0.83%  48.4 4277s
 269792 115918 infeasible   66      3.0111e+08 3.0362e+08  0.83%  48.1 4339s
 271019 117069 3.0362e+08   78  315 3.0111e+08 3.0362e+08  0.83%  48.4 4405s
 273574 121637 3.0362e+08   58  580 3.0111e+08 3.0362e+08  0.83%  48.7 4478s
 281650 122072 infeasible   56      3.0111e+08 3.0362e+08  0.83%  48.5 4546s
 283019 122780 3.0362e+08   65  431 3.0111e+08 3.0362e+08  0.83%  48.8 4615s
 284911 127237 3.0362e+08   62  467 3.0111e+08 3.0362e+08  0.83%  49.1 4698s
 288382 127237 3.0362e+08   49  567 3.0111e+08 3.0362e+08  0.83%  49.1 4702s
 293768 127732 infeasible   84      3.0111e+08 3.0362e+08  0.83%  48.9 4762s
 295129 131729 3.0362e+08   70  464 3.0111e+08 3.0362e+08  0.83%  49.1 4832s
 297775 131729 3.0362e+08   58  563 3.0111e+08 3.0362e+08  0.83%  49.1 4835s
 302485 132126 infeasible   77      3.0111e+08 3.0362e+08  0.83%  49.0 4903s
 303827 132720 3.0362e+08   57  485 3.0111e+08 3.0362e+08  0.83%  49.3 4967s
 305689 137833 3.0362e+08   65  473 3.0111e+08 3.0362e+08  0.83%  49.6 5039s
 314673 138174 infeasible  144      3.0111e+08 3.0362e+08  0.83%  49.4 5107s
 316071 138174 3.0362e+08   60  424 3.0111e+08 3.0362e+08  0.83%  49.6 5110s
 316094 138744 infeasible   79      3.0111e+08 3.0362e+08  0.83%  49.6 5172s
 317902 143517 infeasible   77      3.0111e+08 3.0362e+08  0.83%  50.0 5248s
 320743 143517 3.0362e+08   57  608 3.0111e+08 3.0362e+08  0.83%  49.9 5252s
 326461 143828 infeasible   92      3.0111e+08 3.0362e+08  0.83%  49.7 5312s
 327874 147248 3.0362e+08   66  382 3.0111e+08 3.0362e+08  0.83%  50.0 5388s
 336080 147650 infeasible   85      3.0111e+08 3.0362e+08  0.83%  49.8 5446s
 337466 148218 infeasible   60      3.0111e+08 3.0362e+08  0.83%  50.0 5509s
 338017 148218 3.0362e+08   76  372 3.0111e+08 3.0362e+08  0.83%  50.0 5510s
 339616 152449 3.0362e+08   70  400 3.0111e+08 3.0362e+08  0.83%  50.2 5583s
 348060 152710 infeasible   66      3.0111e+08 3.0362e+08  0.83%  50.0 5646s
 349361 153096 infeasible   58      3.0111e+08 3.0362e+08  0.83%  50.3 5718s
 351433 157638 3.0362e+08   62  438 3.0111e+08 3.0362e+08  0.83%  50.7 5796s
 356539 157638 3.0362e+08   57  417 3.0111e+08 3.0362e+08  0.83%  50.6 5801s
 360052 157918 infeasible   85      3.0111e+08 3.0362e+08  0.83%  50.5 5859s
 360437 157918 infeasible   64      3.0111e+08 3.0362e+08  0.83%  50.6 5860s
 361402 158395 3.0362e+08   62  510 3.0111e+08 3.0362e+08  0.83%  50.8 5930s
 363235 163359 3.0362e+08   56  484 3.0111e+08 3.0362e+08  0.83%  51.1 6012s
 365583 163359 3.0362e+08   56  592 3.0111e+08 3.0362e+08  0.83%  51.1 6015s
 372629 163701 infeasible  173      3.0111e+08 3.0362e+08  0.83%  50.8 6079s
 373986 164157 3.0362e+08   55  515 3.0111e+08 3.0362e+08  0.83%  51.1 6148s
 375057 164157 infeasible   72      3.0111e+08 3.0362e+08  0.83%  51.3 6150s
 375855 168486 3.0362e+08   77  331 3.0111e+08 3.0362e+08  0.83%  51.5 6229s
 376556 168486 3.0362e+08   61  675 3.0111e+08 3.0362e+08  0.83%  51.4 6230s
 380748 168486 3.0362e+08   63  670 3.0111e+08 3.0362e+08  0.83%  51.4 6235s
 384778 168740 infeasible   65      3.0111e+08 3.0362e+08  0.83%  51.2 6295s
 386030 169145 infeasible   72      3.0111e+08 3.0362e+08  0.83%  51.5 6366s
 387875 173224 3.0362e+08   64  458 3.0111e+08 3.0362e+08  0.83%  51.9 6453s
 396860 173524 infeasible   85      3.0111e+08 3.0362e+08  0.83%  51.7 6521s
 398232 173979 infeasible   65      3.0111e+08 3.0362e+08  0.83%  52.0 6596s
 400067 178590 3.0362e+08   55  583 3.0111e+08 3.0362e+08  0.83%  52.3 6681s
 403817 178590 3.0362e+08   61  538 3.0111e+08 3.0362e+08  0.83%  52.2 6686s
 409000 178844 infeasible   77      3.0111e+08 3.0362e+08  0.83%  52.2 6750s
 410298 179258 3.0362e+08   63  474 3.0111e+08 3.0362e+08  0.83%  52.4 6826s
 412182 184171 3.0362e+08   55  453 3.0111e+08 3.0362e+08  0.83%  52.7 6913s
 413578 184171 infeasible   66      3.0111e+08 3.0362e+08  0.83%  52.7 6915s
 421690 184424 infeasible   77      3.0111e+08 3.0362e+08  0.83%  52.5 6984s
 423081 184851 infeasible   69      3.0111e+08 3.0362e+08  0.83%  52.8 7057s
 424952 189451 3.0362e+08   61  555 3.0111e+08 3.0362e+08  0.83%  53.1 7141s
 433942 189644 infeasible   78      3.0111e+08 3.0362e+08  0.83%  52.9 7200s

Cutting planes:
  Learned: 161
  Gomory: 147
  Cover: 460
  Implied bound: 245
  Projected implied bound: 6
  MIR: 1551
  Mixing: 8
  StrongCG: 112
  Flow cover: 2564
  GUB cover: 25
  Inf proof: 3
  Zero half: 737
  RLT: 505
  Relax-and-lift: 121

Explored 435105 nodes (23121044 simplex iterations) in 7203.39 seconds (252.27 work units)
Thread count was 32 (of 48 available processors)

Solution count 10: 3.0111e+08 2.98641e+08 2.95434e+08 ... 2.15827e+08

Time limit reached
Best objective 3.011104166765e+08, best bound 3.036157941660e+08, gap 0.8320%
